<?xml version="1.0" encoding="UTF-8" standalone="yes"?>
<testsuites name="ACTPOL-564 and ACTPOL-565" time="728" tests="2" failures="0" errors="0">
    <testsuite name="ACTPOL-564 and ACTPOL-565" tests="2" failures="0" errors="0" time="728" timestamp="2019-09-06 20:36:57" hostname="user4 - 10.20.20.5" id="Test Suites/Release 6.6/ACTPOL-564 and ACTPOL-565">
        <properties>
            <property name="deviceName" value=""/>
            <property name="devicePlatform" value=""/>
            <property name="logFolder" value="C:\\Users\\user4\\git\\ACTPOL\\Reports\\20190906_203608\\Release 6.6\\ACTPOL-564 and ACTPOL-565\\20190906_203638"/>
            <property name="logFiles" value="C:\\Users\\user4\\git\\ACTPOL\\Reports\\20190906_203608\\Release 6.6\\ACTPOL-564 and ACTPOL-565\\20190906_203638\\execution0.log"/>
            <property name="attachments" value="C:\\Users\\user4\\git\\ACTPOL\\Reports\\20190906_203608\\Release 6.6\\ACTPOL-564 and ACTPOL-565\\20190906_203638\\1567782646389.png, C:\\Users\\user4\\git\\ACTPOL\\Reports\\20190906_203608\\Release 6.6\\ACTPOL-564 and ACTPOL-565\\20190906_203638\\1567783022014.png"/>
            <property name="hostName" value="user4 - 10.20.20.5"/>
            <property name="os" value="Windows 8.1 64bit"/>
            <property name="katalonVersion" value="6.3.2.1"/>
            <property name="browser" value="Chrome 76.0.3809.132"/>
            <property name="hostAddress" value="10.20.20.5"/>
            <property name="sessionId" value="6f8e487fee1b4620e1d5d1bd9960f02a"/>
            <property name="seleniumVersion" value="3.141.59"/>
            <property name="proxyInformation" value="ProxyInformation{proxyOption=NO_PROXY, proxyServerType=HTTP, password=, proxyServerAddress=, proxyServerPort=0}"/>
            <property name="platform" value="Windows 8.1"/>
        </properties>
        <testcase name="Test Cases/JIRA Tasks/Release 6.6/ACTPOL-564" classname="Test Cases/JIRA Tasks/Release 6.6/ACTPOL-564" status="PASSED">
            <system-out>2019-09-06 20:36:58 - [TEST_CASE][PASSED] - Test Cases/JIRA Tasks/Release 6.6/ACTPOL-564: Test Cases/JIRA Tasks/Release 6.6/ACTPOL-564&#xD;
&#xD;
2019-09-06 20:37:00 - [TEST_STEP][PASSED] - callTestCase(findTestCase("main/Actpol_Login_testenv"), [:], STOP_ON_FAILURE): Call Test Case 'Test Cases/main/Actpol_Login_testenv' successfully&#xD;
&#xD;
2019-09-06 20:37:00 - [TEST_CASE][PASSED] - Test Cases/main/Actpol_Login_testenv: Test Cases/main/Actpol_Login_testenv&#xD;
&#xD;
2019-09-06 20:37:01 - [TEST_STEP][PASSED] - openBrowser(""): Browser is opened with url: ''&#xD;
&#xD;
2019-09-06 20:37:01 - [MESSAGE][INFO] - Starting 'Chrome' driver&#xD;
&#xD;
2019-09-06 20:37:01 - [MESSAGE][INFO] - Action delay is set to 0 seconds&#xD;
&#xD;
2019-09-06 20:37:10 - [MESSAGE][PASSED] - Browser is opened with url: ''&#xD;
&#xD;
2019-09-06 20:37:10 - [TEST_STEP][PASSED] - deleteAllCookies(): Delete all cookies successfully&#xD;
&#xD;
2019-09-06 20:37:11 - [MESSAGE][PASSED] - Delete all cookies successfully&#xD;
&#xD;
2019-09-06 20:37:11 - [TEST_STEP][PASSED] - waitForPageLoad(30): Wait for page load successfully&#xD;
&#xD;
2019-09-06 20:37:12 - [MESSAGE][PASSED] - Wait for page load successfully&#xD;
&#xD;
2019-09-06 20:37:12 - [TEST_STEP][PASSED] - maximizeWindow(): Current window maximized&#xD;
&#xD;
2019-09-06 20:37:13 - [MESSAGE][PASSED] - Current window maximized&#xD;
&#xD;
2019-09-06 20:37:13 - [TEST_STEP][PASSED] - ACTPOLTESTENV = 1: null&#xD;
&#xD;
2019-09-06 20:37:13 - [TEST_STEP][PASSED] - ACTPOLDEVENV = 2: null&#xD;
&#xD;
2019-09-06 20:37:13 - [TEST_STEP][PASSED] - ACTPOLKCENV = 3: null&#xD;
&#xD;
2019-09-06 20:37:13 - [TEST_STEP][PASSED] - ACTPOLKBKPCNENV = 4: null&#xD;
&#xD;
2019-09-06 20:37:13 - [TEST_STEP][PASSED] - ACTPOLKBKMARENV = 5: null&#xD;
&#xD;
2019-09-06 20:37:13 - [TEST_STEP][PASSED] - ACTPOLKMENV = 6: null&#xD;
&#xD;
2019-09-06 20:37:13 - [TEST_STEP][PASSED] - ACTPOLKWENV = 7: null&#xD;
&#xD;
2019-09-06 20:37:13 - [TEST_STEP][PASSED] - environment = ACTPOLDEVENV: null&#xD;
&#xD;
2019-09-06 20:37:13 - [TEST_STEP][PASSED] - Selectenv = &lt;not implemented yet for class: org.codehaus.groovy.ast.expr.EmptyExpression&gt;: null&#xD;
&#xD;
2019-09-06 20:37:13 - [TEST_STEP][PASSED] - switch (environment): null&#xD;
&#xD;
2019-09-06 20:37:13 - [TEST_STEP][PASSED] - case 2:: null&#xD;
&#xD;
2019-09-06 20:37:13 - [TEST_STEP][PASSED] - println(Selectenv = "ACTPOL-DEV-ENV"): null&#xD;
&#xD;
2019-09-06 20:37:13 - [TEST_STEP][PASSED] - navigateToUrl(DEVURL): Navigate to 'http://10.20.10.7:8202/actpoldev/JPOL558/nxmenu.pgm?docnum=604' successfully&#xD;
&#xD;
2019-09-06 20:37:27 - [MESSAGE][PASSED] - Navigate to 'http://10.20.10.7:8202/actpoldev/JPOL558/nxmenu.pgm?docnum=604' successfully&#xD;
&#xD;
2019-09-06 20:37:27 - [TEST_STEP][PASSED] - setText(findTestObject("Actpol_Scripts/login/userid"), username): Text 'vidhya' is set on object 'Object Repository/Actpol_Scripts/login/userid'&#xD;
&#xD;
2019-09-06 20:37:30 - [MESSAGE][PASSED] - Text 'vidhya' is set on object 'Object Repository/Actpol_Scripts/login/userid'&#xD;
&#xD;
2019-09-06 20:37:30 - [TEST_STEP][PASSED] - setMaskedText(findTestObject("Actpol_Scripts/login/password"), password): Text '********' is set on object 'Object Repository/Actpol_Scripts/login/password'&#xD;
&#xD;
2019-09-06 20:37:31 - [MESSAGE][PASSED] - Text '********' is set on object 'Object Repository/Actpol_Scripts/login/password'&#xD;
&#xD;
2019-09-06 20:37:31 - [TEST_STEP][PASSED] - click(findTestObject("Actpol_Scripts/login/login")): Object: 'Object Repository/Actpol_Scripts/login/login' is clicked on&#xD;
&#xD;
2019-09-06 20:37:31 - [MESSAGE][PASSED] - Object: 'Object Repository/Actpol_Scripts/login/login' is clicked on&#xD;
&#xD;
2019-09-06 20:37:31 - [TEST_STEP][PASSED] - getWindowTitle(): Current window's title is: 'Login Page for ACTPOL Developer'&#xD;
&#xD;
2019-09-06 20:37:31 - [MESSAGE][PASSED] - Current window's title is: 'Login Page for ACTPOL Developer'&#xD;
&#xD;
2019-09-06 20:37:31 - [TEST_STEP][PASSED] - break: null&#xD;
&#xD;
2019-09-06 20:37:31 - [MESSAGE][PASSED] - Call Test Case 'Test Cases/main/Actpol_Login_testenv' successfully&#xD;
&#xD;
2019-09-06 20:37:31 - [TEST_STEP][PASSED] - log = new com.kms.katalon.core.logging.KeywordLogger(): null&#xD;
&#xD;
2019-09-06 20:37:31 - [TEST_STEP][PASSED] - mouseOver(findTestObject("Actpol_Scripts/Menu navigation/Opsporing/Opsporing")): Object: 'Object Repository/Actpol_Scripts/Menu navigation/Opsporing/Opsporing' is hovered&#xD;
&#xD;
2019-09-06 20:37:51 - [MESSAGE][PASSED] - Object: 'Object Repository/Actpol_Scripts/Menu navigation/Opsporing/Opsporing' is hovered&#xD;
&#xD;
2019-09-06 20:37:51 - [TEST_STEP][PASSED] - log.logInfo("Successfully logged"): Successfully logged&#xD;
&#xD;
2019-09-06 20:37:51 - [MESSAGE][INFO] - Successfully logged&#xD;
&#xD;
2019-09-06 20:37:51 - [TEST_STEP][PASSED] - delay(2): Delayed 2 second(s)&#xD;
&#xD;
2019-09-06 20:37:53 - [MESSAGE][PASSED] - Delayed 2 second(s)&#xD;
&#xD;
2019-09-06 20:37:53 - [TEST_STEP][PASSED] - click(findTestObject("Actpol_Scripts/Opsporing/MBES18/MBES18 TAB")): Object: 'Object Repository/Actpol_Scripts/Opsporing/MBES18/MBES18 TAB' is clicked on&#xD;
&#xD;
2019-09-06 20:37:58 - [MESSAGE][PASSED] - Object: 'Object Repository/Actpol_Scripts/Opsporing/MBES18/MBES18 TAB' is clicked on&#xD;
&#xD;
2019-09-06 20:37:58 - [TEST_STEP][PASSED] - log.logInfo("Clicking MBES18 tab "): Clicking MBES18 tab &#xD;
&#xD;
2019-09-06 20:37:58 - [MESSAGE][INFO] - Clicking MBES18 tab &#xD;
&#xD;
2019-09-06 20:37:58 - [TEST_STEP][PASSED] - delay(1): Delayed 1 second(s)&#xD;
&#xD;
2019-09-06 20:37:59 - [MESSAGE][PASSED] - Delayed 1 second(s)&#xD;
&#xD;
2019-09-06 20:37:59 - [TEST_STEP][PASSED] - mouseOver(findTestObject("Actpol_Scripts/Menu navigation/Generiek/Generiek")): Object: 'Object Repository/Actpol_Scripts/Menu navigation/Generiek/Generiek' is hovered&#xD;
&#xD;
2019-09-06 20:38:00 - [MESSAGE][PASSED] - Object: 'Object Repository/Actpol_Scripts/Menu navigation/Generiek/Generiek' is hovered&#xD;
&#xD;
2019-09-06 20:38:00 - [TEST_STEP][PASSED] - delay(8): Delayed 8 second(s)&#xD;
&#xD;
2019-09-06 20:38:08 - [MESSAGE][PASSED] - Delayed 8 second(s)&#xD;
&#xD;
2019-09-06 20:38:08 - [TEST_STEP][PASSED] - click(findTestObject("Actpol_Scripts/Opsporing/MBES18/mbes new")): Object: 'Object Repository/Actpol_Scripts/Opsporing/MBES18/mbes new' is clicked on&#xD;
&#xD;
2019-09-06 20:38:09 - [MESSAGE][PASSED] - Object: 'Object Repository/Actpol_Scripts/Opsporing/MBES18/mbes new' is clicked on&#xD;
&#xD;
2019-09-06 20:38:10 - [TEST_STEP][PASSED] - log.logInfo("Clicking MBES18 new button "): Clicking MBES18 new button &#xD;
&#xD;
2019-09-06 20:38:10 - [MESSAGE][INFO] - Clicking MBES18 new button &#xD;
&#xD;
2019-09-06 20:38:10 - [TEST_STEP][PASSED] - delay(6): Delayed 6 second(s)&#xD;
&#xD;
2019-09-06 20:38:16 - [MESSAGE][PASSED] - Delayed 6 second(s)&#xD;
&#xD;
2019-09-06 20:38:16 - [TEST_STEP][PASSED] - click(findTestObject("Actpol_Scripts/Opsporing/MBES18/Registratie new")): Object: 'Object Repository/Actpol_Scripts/Opsporing/MBES18/Registratie new' is clicked on&#xD;
&#xD;
2019-09-06 20:38:16 - [MESSAGE][PASSED] - Object: 'Object Repository/Actpol_Scripts/Opsporing/MBES18/Registratie new' is clicked on&#xD;
&#xD;
2019-09-06 20:38:16 - [TEST_STEP][PASSED] - delay(1): Delayed 1 second(s)&#xD;
&#xD;
2019-09-06 20:38:17 - [MESSAGE][PASSED] - Delayed 1 second(s)&#xD;
&#xD;
2019-09-06 20:38:17 - [TEST_STEP][PASSED] - selectOptionByLabel(findTestObject("Actpol_Scripts/Opsporing/MBES18/1 Registratie/Registratie van 1"), "KORPS POLITIE CURACAO", false): All options with label 'KORPS POLITIE CURACAO' are selected in object 'Object Repository/Actpol_Scripts/Opsporing/MBES18/1 Registratie/Registratie van 1' &#xD;
&#xD;
2019-09-06 20:38:18 - [MESSAGE][PASSED] - All options with label 'KORPS POLITIE CURACAO' are selected in object 'Object Repository/Actpol_Scripts/Opsporing/MBES18/1 Registratie/Registratie van 1' &#xD;
&#xD;
2019-09-06 20:38:18 - [TEST_STEP][PASSED] - delay(1): Delayed 1 second(s)&#xD;
&#xD;
2019-09-06 20:38:19 - [MESSAGE][PASSED] - Delayed 1 second(s)&#xD;
&#xD;
2019-09-06 20:38:19 - [TEST_STEP][PASSED] - selectOptionByLabel(findTestObject("Actpol_Scripts/Opsporing/MBES18/1 Registratie/Registratie Naar 1"), "OPENBARE MINISTERIE", false): All options with label 'OPENBARE MINISTERIE' are selected in object 'Object Repository/Actpol_Scripts/Opsporing/MBES18/1 Registratie/Registratie Naar 1' &#xD;
&#xD;
2019-09-06 20:38:20 - [MESSAGE][PASSED] - All options with label 'OPENBARE MINISTERIE' are selected in object 'Object Repository/Actpol_Scripts/Opsporing/MBES18/1 Registratie/Registratie Naar 1' &#xD;
&#xD;
2019-09-06 20:38:20 - [TEST_STEP][PASSED] - delay(1): Delayed 1 second(s)&#xD;
&#xD;
2019-09-06 20:38:21 - [MESSAGE][PASSED] - Delayed 1 second(s)&#xD;
&#xD;
2019-09-06 20:38:21 - [TEST_STEP][PASSED] - selectOptionByLabel(findTestObject("Actpol_Scripts/Opsporing/MBES18/1 Registratie/Registratie van 2"), "AMBULANCE", false): All options with label 'AMBULANCE' are selected in object 'Object Repository/Actpol_Scripts/Opsporing/MBES18/1 Registratie/Registratie van 2' &#xD;
&#xD;
2019-09-06 20:38:22 - [MESSAGE][PASSED] - All options with label 'AMBULANCE' are selected in object 'Object Repository/Actpol_Scripts/Opsporing/MBES18/1 Registratie/Registratie van 2' &#xD;
&#xD;
2019-09-06 20:38:22 - [TEST_STEP][PASSED] - delay(1): Delayed 1 second(s)&#xD;
&#xD;
2019-09-06 20:38:23 - [MESSAGE][PASSED] - Delayed 1 second(s)&#xD;
&#xD;
2019-09-06 20:38:23 - [TEST_STEP][PASSED] - selectOptionByLabel(findTestObject("Actpol_Scripts/Opsporing/MBES18/1 Registratie/Registratie Naar 2"), "SKS", false): All options with label 'SKS' are selected in object 'Object Repository/Actpol_Scripts/Opsporing/MBES18/1 Registratie/Registratie Naar 2' &#xD;
&#xD;
2019-09-06 20:38:24 - [MESSAGE][PASSED] - All options with label 'SKS' are selected in object 'Object Repository/Actpol_Scripts/Opsporing/MBES18/1 Registratie/Registratie Naar 2' &#xD;
&#xD;
2019-09-06 20:38:24 - [TEST_STEP][PASSED] - delay(1): Delayed 1 second(s)&#xD;
&#xD;
2019-09-06 20:38:25 - [MESSAGE][PASSED] - Delayed 1 second(s)&#xD;
&#xD;
2019-09-06 20:38:25 - [TEST_STEP][PASSED] - setText(findTestObject("Actpol_Scripts/Opsporing/MBES18/1 Registratie/Behandeld door"), "Katalon testing :: Behandeld door"): Text 'Katalon testing :: Behandeld door' is set on object 'Object Repository/Actpol_Scripts/Opsporing/MBES18/1 Registratie/Behandeld door'&#xD;
&#xD;
2019-09-06 20:38:28 - [MESSAGE][PASSED] - Text 'Katalon testing :: Behandeld door' is set on object 'Object Repository/Actpol_Scripts/Opsporing/MBES18/1 Registratie/Behandeld door'&#xD;
&#xD;
2019-09-06 20:38:28 - [TEST_STEP][PASSED] - delay(1): Delayed 1 second(s)&#xD;
&#xD;
2019-09-06 20:38:29 - [MESSAGE][PASSED] - Delayed 1 second(s)&#xD;
&#xD;
2019-09-06 20:38:29 - [TEST_STEP][PASSED] - setText(findTestObject("Actpol_Scripts/Opsporing/MBES18/1 Registratie/Telefoon"), "123456789"): Text '123456789' is set on object 'Object Repository/Actpol_Scripts/Opsporing/MBES18/1 Registratie/Telefoon'&#xD;
&#xD;
2019-09-06 20:38:30 - [MESSAGE][PASSED] - Text '123456789' is set on object 'Object Repository/Actpol_Scripts/Opsporing/MBES18/1 Registratie/Telefoon'&#xD;
&#xD;
2019-09-06 20:38:30 - [TEST_STEP][PASSED] - delay(1): Delayed 1 second(s)&#xD;
&#xD;
2019-09-06 20:38:31 - [MESSAGE][PASSED] - Delayed 1 second(s)&#xD;
&#xD;
2019-09-06 20:38:31 - [TEST_STEP][PASSED] - setText(findTestObject("Actpol_Scripts/Opsporing/MBES18/1 Registratie/E-Mail"), "test@gmail.com"): Text 'test@gmail.com' is set on object 'Object Repository/Actpol_Scripts/Opsporing/MBES18/1 Registratie/E-Mail'&#xD;
&#xD;
2019-09-06 20:38:32 - [MESSAGE][PASSED] - Text 'test@gmail.com' is set on object 'Object Repository/Actpol_Scripts/Opsporing/MBES18/1 Registratie/E-Mail'&#xD;
&#xD;
2019-09-06 20:38:32 - [TEST_STEP][PASSED] - delay(1): Delayed 1 second(s)&#xD;
&#xD;
2019-09-06 20:38:33 - [MESSAGE][PASSED] - Delayed 1 second(s)&#xD;
&#xD;
2019-09-06 20:38:33 - [TEST_STEP][PASSED] - setText(findTestObject("Actpol_Scripts/Opsporing/MBES18/1 Registratie/Datum"), "23/08/2019"): Text '23/08/2019' is set on object 'Object Repository/Actpol_Scripts/Opsporing/MBES18/1 Registratie/Datum'&#xD;
&#xD;
2019-09-06 20:38:34 - [MESSAGE][PASSED] - Text '23/08/2019' is set on object 'Object Repository/Actpol_Scripts/Opsporing/MBES18/1 Registratie/Datum'&#xD;
&#xD;
2019-09-06 20:38:34 - [TEST_STEP][PASSED] - delay(1): Delayed 1 second(s)&#xD;
&#xD;
2019-09-06 20:38:35 - [MESSAGE][PASSED] - Delayed 1 second(s)&#xD;
&#xD;
2019-09-06 20:38:35 - [TEST_STEP][PASSED] - click(findTestObject("Actpol_Scripts/Opsporing/MBES18/1 Registratie/Registratie save")): Object: 'Object Repository/Actpol_Scripts/Opsporing/MBES18/1 Registratie/Registratie save' is clicked on&#xD;
&#xD;
2019-09-06 20:38:35 - [MESSAGE][PASSED] - Object: 'Object Repository/Actpol_Scripts/Opsporing/MBES18/1 Registratie/Registratie save' is clicked on&#xD;
&#xD;
2019-09-06 20:38:35 - [TEST_STEP][PASSED] - delay(1): Delayed 1 second(s)&#xD;
&#xD;
2019-09-06 20:38:36 - [MESSAGE][PASSED] - Delayed 1 second(s)&#xD;
&#xD;
2019-09-06 20:38:36 - [TEST_STEP][PASSED] - click(findTestObject("Actpol_Scripts/Opsporing/MBES18/1 Registratie/registratie tab")): Object: 'Object Repository/Actpol_Scripts/Opsporing/MBES18/1 Registratie/registratie tab' is clicked on&#xD;
&#xD;
2019-09-06 20:38:37 - [MESSAGE][PASSED] - Object: 'Object Repository/Actpol_Scripts/Opsporing/MBES18/1 Registratie/registratie tab' is clicked on&#xD;
&#xD;
2019-09-06 20:38:37 - [TEST_STEP][PASSED] - delay(1): Delayed 1 second(s)&#xD;
&#xD;
2019-09-06 20:38:38 - [MESSAGE][PASSED] - Delayed 1 second(s)&#xD;
&#xD;
2019-09-06 20:38:38 - [TEST_STEP][PASSED] - click(findTestObject("Actpol_Scripts/Opsporing/MBES18/2 Personalia/Personalia tab")): Object: 'Object Repository/Actpol_Scripts/Opsporing/MBES18/2 Personalia/Personalia tab' is clicked on&#xD;
&#xD;
2019-09-06 20:38:40 - [MESSAGE][PASSED] - Object: 'Object Repository/Actpol_Scripts/Opsporing/MBES18/2 Personalia/Personalia tab' is clicked on&#xD;
&#xD;
2019-09-06 20:38:40 - [TEST_STEP][PASSED] - delay(2): Delayed 2 second(s)&#xD;
&#xD;
2019-09-06 20:38:42 - [MESSAGE][PASSED] - Delayed 2 second(s)&#xD;
&#xD;
2019-09-06 20:38:42 - [TEST_STEP][PASSED] - setText(findTestObject("Actpol_Scripts/Opsporing/MBES18/2 Personalia/Achternaam text"), "aa"): Text 'aa' is set on object 'Object Repository/Actpol_Scripts/Opsporing/MBES18/2 Personalia/Achternaam text'&#xD;
&#xD;
2019-09-06 20:38:42 - [MESSAGE][PASSED] - Text 'aa' is set on object 'Object Repository/Actpol_Scripts/Opsporing/MBES18/2 Personalia/Achternaam text'&#xD;
&#xD;
2019-09-06 20:38:42 - [TEST_STEP][PASSED] - delay(2): Delayed 2 second(s)&#xD;
&#xD;
2019-09-06 20:38:44 - [MESSAGE][PASSED] - Delayed 2 second(s)&#xD;
&#xD;
2019-09-06 20:38:44 - [TEST_STEP][PASSED] - click(findTestObject("Actpol_Scripts/Opsporing/MBES18/2 Personalia/Achternaam text lb")): Object: 'Object Repository/Actpol_Scripts/Opsporing/MBES18/2 Personalia/Achternaam text lb' is clicked on&#xD;
&#xD;
2019-09-06 20:38:47 - [MESSAGE][PASSED] - Object: 'Object Repository/Actpol_Scripts/Opsporing/MBES18/2 Personalia/Achternaam text lb' is clicked on&#xD;
&#xD;
2019-09-06 20:38:47 - [TEST_STEP][PASSED] - delay(1): Delayed 1 second(s)&#xD;
&#xD;
2019-09-06 20:38:48 - [MESSAGE][PASSED] - Delayed 1 second(s)&#xD;
&#xD;
2019-09-06 20:38:48 - [TEST_STEP][PASSED] - setText(findTestObject("Actpol_Scripts/Opsporing/MBES18/2 Personalia/Garantsteller new"), "aa"): Text 'aa' is set on object 'Object Repository/Actpol_Scripts/Opsporing/MBES18/2 Personalia/Garantsteller new'&#xD;
&#xD;
2019-09-06 20:38:49 - [MESSAGE][PASSED] - Text 'aa' is set on object 'Object Repository/Actpol_Scripts/Opsporing/MBES18/2 Personalia/Garantsteller new'&#xD;
&#xD;
2019-09-06 20:38:49 - [TEST_STEP][PASSED] - delay(2): Delayed 2 second(s)&#xD;
&#xD;
2019-09-06 20:38:51 - [MESSAGE][PASSED] - Delayed 2 second(s)&#xD;
&#xD;
2019-09-06 20:38:51 - [TEST_STEP][PASSED] - click(findTestObject("Actpol_Scripts/Opsporing/MBES18/2 Personalia/Garantsteller new lb")): Object: 'Object Repository/Actpol_Scripts/Opsporing/MBES18/2 Personalia/Garantsteller new lb' is clicked on&#xD;
&#xD;
2019-09-06 20:38:52 - [MESSAGE][PASSED] - Object: 'Object Repository/Actpol_Scripts/Opsporing/MBES18/2 Personalia/Garantsteller new lb' is clicked on&#xD;
&#xD;
2019-09-06 20:38:52 - [TEST_STEP][PASSED] - delay(1): Delayed 1 second(s)&#xD;
&#xD;
2019-09-06 20:38:53 - [MESSAGE][PASSED] - Delayed 1 second(s)&#xD;
&#xD;
2019-09-06 20:38:53 - [TEST_STEP][PASSED] - scrollToPosition(10, 7): Browser is scrolled to position x = 10, y = 7&#xD;
&#xD;
2019-09-06 20:38:53 - [MESSAGE][PASSED] - Browser is scrolled to position x = 10, y = 7&#xD;
&#xD;
2019-09-06 20:38:53 - [TEST_STEP][PASSED] - delay(1): Delayed 1 second(s)&#xD;
&#xD;
2019-09-06 20:38:54 - [MESSAGE][PASSED] - Delayed 1 second(s)&#xD;
&#xD;
2019-09-06 20:38:54 - [TEST_STEP][PASSED] - click(findTestObject("Actpol_Scripts/Opsporing/MBES18/2 Personalia/Personalia tab")): Object: 'Object Repository/Actpol_Scripts/Opsporing/MBES18/2 Personalia/Personalia tab' is clicked on&#xD;
&#xD;
2019-09-06 20:38:55 - [MESSAGE][PASSED] - Object: 'Object Repository/Actpol_Scripts/Opsporing/MBES18/2 Personalia/Personalia tab' is clicked on&#xD;
&#xD;
2019-09-06 20:38:55 - [TEST_STEP][PASSED] - delay(1): Delayed 1 second(s)&#xD;
&#xD;
2019-09-06 20:38:56 - [MESSAGE][PASSED] - Delayed 1 second(s)&#xD;
&#xD;
2019-09-06 20:38:56 - [TEST_STEP][PASSED] - click(findTestObject("Actpol_Scripts/Opsporing/MBES18/3 INBEWARINGSTELLINGS_C.Q._PLAATSINGSGEGEVENS/INBEWARINGSTELLINGS C.Q. PLAATSINGSGEGEVENS tab")): Object: 'Object Repository/Actpol_Scripts/Opsporing/MBES18/3 INBEWARINGSTELLINGS_C.Q._PLAATSINGSGEGEVENS/INBEWARINGSTELLINGS C.Q. PLAATSINGSGEGEVENS tab' is clicked on&#xD;
&#xD;
2019-09-06 20:38:56 - [MESSAGE][PASSED] - Object: 'Object Repository/Actpol_Scripts/Opsporing/MBES18/3 INBEWARINGSTELLINGS_C.Q._PLAATSINGSGEGEVENS/INBEWARINGSTELLINGS C.Q. PLAATSINGSGEGEVENS tab' is clicked on&#xD;
&#xD;
2019-09-06 20:38:56 - [TEST_STEP][PASSED] - delay(2): Delayed 2 second(s)&#xD;
&#xD;
2019-09-06 20:38:58 - [MESSAGE][PASSED] - Delayed 2 second(s)&#xD;
&#xD;
2019-09-06 20:38:58 - [TEST_STEP][PASSED] - comment("INBEWARINGSTELLINGS C.Q. PLAATSINGSGEGEVENS tab data filling"): INBEWARINGSTELLINGS C.Q. PLAATSINGSGEGEVENS tab data filling&#xD;
&#xD;
2019-09-06 20:38:58 - [MESSAGE][INFO] - INBEWARINGSTELLINGS C.Q. PLAATSINGSGEGEVENS tab data filling&#xD;
&#xD;
2019-09-06 20:38:58 - [TEST_STEP][PASSED] - delay(1): Delayed 1 second(s)&#xD;
&#xD;
2019-09-06 20:39:00 - [MESSAGE][PASSED] - Delayed 1 second(s)&#xD;
&#xD;
2019-09-06 20:39:00 - [TEST_STEP][PASSED] - setText(findTestObject("Actpol_Scripts/Opsporing/MBES18/3 INBEWARINGSTELLINGS_C.Q._PLAATSINGSGEGEVENS/Inbewaringstelling sinds"), "02/09/2019"): Text '02/09/2019' is set on object 'Object Repository/Actpol_Scripts/Opsporing/MBES18/3 INBEWARINGSTELLINGS_C.Q._PLAATSINGSGEGEVENS/Inbewaringstelling sinds'&#xD;
&#xD;
2019-09-06 20:39:00 - [MESSAGE][PASSED] - Text '02/09/2019' is set on object 'Object Repository/Actpol_Scripts/Opsporing/MBES18/3 INBEWARINGSTELLINGS_C.Q._PLAATSINGSGEGEVENS/Inbewaringstelling sinds'&#xD;
&#xD;
2019-09-06 20:39:00 - [TEST_STEP][PASSED] - delay(1): Delayed 1 second(s)&#xD;
&#xD;
2019-09-06 20:39:01 - [MESSAGE][PASSED] - Delayed 1 second(s)&#xD;
&#xD;
2019-09-06 20:39:01 - [TEST_STEP][PASSED] - setText(findTestObject("Actpol_Scripts/Opsporing/MBES18/3 INBEWARINGSTELLINGS_C.Q._PLAATSINGSGEGEVENS/Plaatsing sinds"), "testing :: Plaatsing sinds"): Text 'testing :: Plaatsing sinds' is set on object 'Object Repository/Actpol_Scripts/Opsporing/MBES18/3 INBEWARINGSTELLINGS_C.Q._PLAATSINGSGEGEVENS/Plaatsing sinds'&#xD;
&#xD;
2019-09-06 20:39:03 - [MESSAGE][PASSED] - Text 'testing :: Plaatsing sinds' is set on object 'Object Repository/Actpol_Scripts/Opsporing/MBES18/3 INBEWARINGSTELLINGS_C.Q._PLAATSINGSGEGEVENS/Plaatsing sinds'&#xD;
&#xD;
2019-09-06 20:39:03 - [TEST_STEP][PASSED] - comment("Checking dropdown"): Checking dropdown&#xD;
&#xD;
2019-09-06 20:39:03 - [MESSAGE][INFO] - Checking dropdown&#xD;
&#xD;
2019-09-06 20:39:03 - [TEST_STEP][PASSED] - delay(1): Delayed 1 second(s)&#xD;
&#xD;
2019-09-06 20:39:04 - [MESSAGE][PASSED] - Delayed 1 second(s)&#xD;
&#xD;
2019-09-06 20:39:04 - [TEST_STEP][PASSED] - setText(findTestObject("Actpol_Scripts/Opsporing/MBES18/3 INBEWARINGSTELLINGS_C.Q._PLAATSINGSGEGEVENS/Op grond van artikel WTU-BES"), "a"): Text 'a' is set on object 'Object Repository/Actpol_Scripts/Opsporing/MBES18/3 INBEWARINGSTELLINGS_C.Q._PLAATSINGSGEGEVENS/Op grond van artikel WTU-BES'&#xD;
&#xD;
2019-09-06 20:39:05 - [MESSAGE][PASSED] - Text 'a' is set on object 'Object Repository/Actpol_Scripts/Opsporing/MBES18/3 INBEWARINGSTELLINGS_C.Q._PLAATSINGSGEGEVENS/Op grond van artikel WTU-BES'&#xD;
&#xD;
2019-09-06 20:39:05 - [TEST_STEP][PASSED] - delay(2): Delayed 2 second(s)&#xD;
&#xD;
2019-09-06 20:39:07 - [MESSAGE][PASSED] - Delayed 2 second(s)&#xD;
&#xD;
2019-09-06 20:39:07 - [TEST_STEP][PASSED] - click(findTestObject("Actpol_Scripts/Opsporing/MBES18/3 INBEWARINGSTELLINGS_C.Q._PLAATSINGSGEGEVENS/Op grond van artikel WTU-BES lb")): Object: 'Object Repository/Actpol_Scripts/Opsporing/MBES18/3 INBEWARINGSTELLINGS_C.Q._PLAATSINGSGEGEVENS/Op grond van artikel WTU-BES lb' is clicked on&#xD;
&#xD;
2019-09-06 20:39:08 - [MESSAGE][PASSED] - Object: 'Object Repository/Actpol_Scripts/Opsporing/MBES18/3 INBEWARINGSTELLINGS_C.Q._PLAATSINGSGEGEVENS/Op grond van artikel WTU-BES lb' is clicked on&#xD;
&#xD;
2019-09-06 20:39:08 - [TEST_STEP][PASSED] - delay(2): Delayed 2 second(s)&#xD;
&#xD;
2019-09-06 20:39:10 - [MESSAGE][PASSED] - Delayed 2 second(s)&#xD;
&#xD;
2019-09-06 20:39:10 - [TEST_STEP][PASSED] - setText(findTestObject("Actpol_Scripts/Opsporing/MBES18/3 INBEWARINGSTELLINGS_C.Q._PLAATSINGSGEGEVENS/Datum aan_staandehouding Datum grensweigering"), "02/09/2019"): Text '02/09/2019' is set on object 'Object Repository/Actpol_Scripts/Opsporing/MBES18/3 INBEWARINGSTELLINGS_C.Q._PLAATSINGSGEGEVENS/Datum aan_staandehouding Datum grensweigering'&#xD;
&#xD;
2019-09-06 20:39:11 - [MESSAGE][PASSED] - Text '02/09/2019' is set on object 'Object Repository/Actpol_Scripts/Opsporing/MBES18/3 INBEWARINGSTELLINGS_C.Q._PLAATSINGSGEGEVENS/Datum aan_staandehouding Datum grensweigering'&#xD;
&#xD;
2019-09-06 20:39:11 - [TEST_STEP][PASSED] - delay(1): Delayed 1 second(s)&#xD;
&#xD;
2019-09-06 20:39:12 - [MESSAGE][PASSED] - Delayed 1 second(s)&#xD;
&#xD;
2019-09-06 20:39:12 - [TEST_STEP][PASSED] - setText(findTestObject("Actpol_Scripts/Opsporing/MBES18/3 INBEWARINGSTELLINGS_C.Q._PLAATSINGSGEGEVENS/Reden aan_staandehouding Reden grensweigering"), "testing :: Reden aan_staandehouding Reden grensweigering"): Text 'testing :: Reden aan_staandehouding Reden grensweigering' is set on object 'Object Repository/Actpol_Scripts/Opsporing/MBES18/3 INBEWARINGSTELLINGS_C.Q._PLAATSINGSGEGEVENS/Reden aan_staandehouding Reden grensweigering'&#xD;
&#xD;
2019-09-06 20:39:15 - [MESSAGE][PASSED] - Text 'testing :: Reden aan_staandehouding Reden grensweigering' is set on object 'Object Repository/Actpol_Scripts/Opsporing/MBES18/3 INBEWARINGSTELLINGS_C.Q._PLAATSINGSGEGEVENS/Reden aan_staandehouding Reden grensweigering'&#xD;
&#xD;
2019-09-06 20:39:15 - [TEST_STEP][PASSED] - delay(1): Delayed 1 second(s)&#xD;
&#xD;
2019-09-06 20:39:16 - [MESSAGE][PASSED] - Delayed 1 second(s)&#xD;
&#xD;
2019-09-06 20:39:16 - [TEST_STEP][PASSED] - setText(findTestObject("Actpol_Scripts/Opsporing/MBES18/3 INBEWARINGSTELLINGS_C.Q._PLAATSINGSGEGEVENS/Inbewaringstellings-locatie"), "a"): Text 'a' is set on object 'Object Repository/Actpol_Scripts/Opsporing/MBES18/3 INBEWARINGSTELLINGS_C.Q._PLAATSINGSGEGEVENS/Inbewaringstellings-locatie'&#xD;
&#xD;
2019-09-06 20:39:16 - [MESSAGE][PASSED] - Text 'a' is set on object 'Object Repository/Actpol_Scripts/Opsporing/MBES18/3 INBEWARINGSTELLINGS_C.Q._PLAATSINGSGEGEVENS/Inbewaringstellings-locatie'&#xD;
&#xD;
2019-09-06 20:39:16 - [TEST_STEP][PASSED] - delay(2): Delayed 2 second(s)&#xD;
&#xD;
2019-09-06 20:39:18 - [MESSAGE][PASSED] - Delayed 2 second(s)&#xD;
&#xD;
2019-09-06 20:39:18 - [TEST_STEP][PASSED] - click(findTestObject("Actpol_Scripts/Opsporing/MBES18/3 INBEWARINGSTELLINGS_C.Q._PLAATSINGSGEGEVENS/Inbewaringstellings-locatie lb")): Object: 'Object Repository/Actpol_Scripts/Opsporing/MBES18/3 INBEWARINGSTELLINGS_C.Q._PLAATSINGSGEGEVENS/Inbewaringstellings-locatie lb' is clicked on&#xD;
&#xD;
2019-09-06 20:39:19 - [MESSAGE][PASSED] - Object: 'Object Repository/Actpol_Scripts/Opsporing/MBES18/3 INBEWARINGSTELLINGS_C.Q._PLAATSINGSGEGEVENS/Inbewaringstellings-locatie lb' is clicked on&#xD;
&#xD;
2019-09-06 20:39:19 - [TEST_STEP][PASSED] - delay(2): Delayed 2 second(s)&#xD;
&#xD;
2019-09-06 20:39:21 - [MESSAGE][PASSED] - Delayed 2 second(s)&#xD;
&#xD;
2019-09-06 20:39:21 - [TEST_STEP][PASSED] - setText(findTestObject("Actpol_Scripts/Opsporing/MBES18/3 INBEWARINGSTELLINGS_C.Q._PLAATSINGSGEGEVENS/Naam advocaat"), "testing :: Naam advocaat"): Text 'testing :: Naam advocaat' is set on object 'Object Repository/Actpol_Scripts/Opsporing/MBES18/3 INBEWARINGSTELLINGS_C.Q._PLAATSINGSGEGEVENS/Naam advocaat'&#xD;
&#xD;
2019-09-06 20:39:23 - [MESSAGE][PASSED] - Text 'testing :: Naam advocaat' is set on object 'Object Repository/Actpol_Scripts/Opsporing/MBES18/3 INBEWARINGSTELLINGS_C.Q._PLAATSINGSGEGEVENS/Naam advocaat'&#xD;
&#xD;
2019-09-06 20:39:23 - [TEST_STEP][PASSED] - delay(1): Delayed 1 second(s)&#xD;
&#xD;
2019-09-06 20:39:24 - [MESSAGE][PASSED] - Delayed 1 second(s)&#xD;
&#xD;
2019-09-06 20:39:24 - [TEST_STEP][PASSED] - setText(findTestObject("Actpol_Scripts/Opsporing/MBES18/3 INBEWARINGSTELLINGS_C.Q._PLAATSINGSGEGEVENS/advocaat telefoonnummer"), "985213647"): Text '985213647' is set on object 'Object Repository/Actpol_Scripts/Opsporing/MBES18/3 INBEWARINGSTELLINGS_C.Q._PLAATSINGSGEGEVENS/advocaat telefoonnummer'&#xD;
&#xD;
2019-09-06 20:39:26 - [MESSAGE][PASSED] - Text '985213647' is set on object 'Object Repository/Actpol_Scripts/Opsporing/MBES18/3 INBEWARINGSTELLINGS_C.Q._PLAATSINGSGEGEVENS/advocaat telefoonnummer'&#xD;
&#xD;
2019-09-06 20:39:26 - [TEST_STEP][PASSED] - delay(1): Delayed 1 second(s)&#xD;
&#xD;
2019-09-06 20:39:27 - [MESSAGE][PASSED] - Delayed 1 second(s)&#xD;
&#xD;
2019-09-06 20:39:27 - [TEST_STEP][PASSED] - setText(findTestObject("Actpol_Scripts/Opsporing/MBES18/3 INBEWARINGSTELLINGS_C.Q._PLAATSINGSGEGEVENS/Naam ambtenaar KPCN _KmarCarib"), "testing :: Naam ambtenaar KPCN /KmarCarib"): Text 'testing :: Naam ambtenaar KPCN /KmarCarib' is set on object 'Object Repository/Actpol_Scripts/Opsporing/MBES18/3 INBEWARINGSTELLINGS_C.Q._PLAATSINGSGEGEVENS/Naam ambtenaar KPCN _KmarCarib'&#xD;
&#xD;
2019-09-06 20:39:29 - [MESSAGE][PASSED] - Text 'testing :: Naam ambtenaar KPCN /KmarCarib' is set on object 'Object Repository/Actpol_Scripts/Opsporing/MBES18/3 INBEWARINGSTELLINGS_C.Q._PLAATSINGSGEGEVENS/Naam ambtenaar KPCN _KmarCarib'&#xD;
&#xD;
2019-09-06 20:39:29 - [TEST_STEP][PASSED] - delay(1): Delayed 1 second(s)&#xD;
&#xD;
2019-09-06 20:39:30 - [MESSAGE][PASSED] - Delayed 1 second(s)&#xD;
&#xD;
2019-09-06 20:39:30 - [TEST_STEP][PASSED] - setText(findTestObject("Actpol_Scripts/Opsporing/MBES18/3 INBEWARINGSTELLINGS_C.Q._PLAATSINGSGEGEVENS/Bekend bij IND-CN in het kader van"), "testing :: Bekend bij IND-CN in het kader van toelating/bescherming"): Text 'testing :: Bekend bij IND-CN in het kader van toelating/bescherming' is set on object 'Object Repository/Actpol_Scripts/Opsporing/MBES18/3 INBEWARINGSTELLINGS_C.Q._PLAATSINGSGEGEVENS/Bekend bij IND-CN in het kader van'&#xD;
&#xD;
2019-09-06 20:39:33 - [MESSAGE][PASSED] - Text 'testing :: Bekend bij IND-CN in het kader van toelating/bescherming' is set on object 'Object Repository/Actpol_Scripts/Opsporing/MBES18/3 INBEWARINGSTELLINGS_C.Q._PLAATSINGSGEGEVENS/Bekend bij IND-CN in het kader van'&#xD;
&#xD;
2019-09-06 20:39:33 - [TEST_STEP][PASSED] - delay(2): Delayed 2 second(s)&#xD;
&#xD;
2019-09-06 20:39:35 - [MESSAGE][PASSED] - Delayed 2 second(s)&#xD;
&#xD;
2019-09-06 20:39:35 - [TEST_STEP][PASSED] - setText(findTestObject("Actpol_Scripts/Opsporing/MBES18/3 INBEWARINGSTELLINGS_C.Q._PLAATSINGSGEGEVENS/Datum beeindiging rechtmatig verblijf"), "02/09/2019"): Text '02/09/2019' is set on object 'Object Repository/Actpol_Scripts/Opsporing/MBES18/3 INBEWARINGSTELLINGS_C.Q._PLAATSINGSGEGEVENS/Datum beeindiging rechtmatig verblijf'&#xD;
&#xD;
2019-09-06 20:39:36 - [MESSAGE][PASSED] - Text '02/09/2019' is set on object 'Object Repository/Actpol_Scripts/Opsporing/MBES18/3 INBEWARINGSTELLINGS_C.Q._PLAATSINGSGEGEVENS/Datum beeindiging rechtmatig verblijf'&#xD;
&#xD;
2019-09-06 20:39:36 - [TEST_STEP][PASSED] - delay(2): Delayed 2 second(s)&#xD;
&#xD;
2019-09-06 20:39:38 - [MESSAGE][PASSED] - Delayed 2 second(s)&#xD;
&#xD;
2019-09-06 20:39:38 - [TEST_STEP][PASSED] - scrollToPosition(10, 7): Browser is scrolled to position x = 10, y = 7&#xD;
&#xD;
2019-09-06 20:39:38 - [MESSAGE][PASSED] - Browser is scrolled to position x = 10, y = 7&#xD;
&#xD;
2019-09-06 20:39:38 - [TEST_STEP][PASSED] - click(findTestObject("Actpol_Scripts/Opsporing/MBES18/3 INBEWARINGSTELLINGS_C.Q._PLAATSINGSGEGEVENS/INBEWARINGSTELLINGS C.Q. PLAATSINGSGEGEVENS tab")): Object: 'Object Repository/Actpol_Scripts/Opsporing/MBES18/3 INBEWARINGSTELLINGS_C.Q._PLAATSINGSGEGEVENS/INBEWARINGSTELLINGS C.Q. PLAATSINGSGEGEVENS tab' is clicked on&#xD;
&#xD;
2019-09-06 20:39:39 - [MESSAGE][PASSED] - Object: 'Object Repository/Actpol_Scripts/Opsporing/MBES18/3 INBEWARINGSTELLINGS_C.Q._PLAATSINGSGEGEVENS/INBEWARINGSTELLINGS C.Q. PLAATSINGSGEGEVENS tab' is clicked on&#xD;
&#xD;
2019-09-06 20:39:39 - [TEST_STEP][PASSED] - delay(1): Delayed 1 second(s)&#xD;
&#xD;
2019-09-06 20:39:40 - [MESSAGE][PASSED] - Delayed 1 second(s)&#xD;
&#xD;
2019-09-06 20:39:40 - [TEST_STEP][PASSED] - click(findTestObject("Actpol_Scripts/Opsporing/MBES18/4 GEDRAG_MEDISCH/GEDRAG MEDISCH tab"), OPTIONAL): Object: 'Object Repository/Actpol_Scripts/Opsporing/MBES18/4 GEDRAG_MEDISCH/GEDRAG MEDISCH tab' is clicked on&#xD;
&#xD;
2019-09-06 20:39:41 - [MESSAGE][PASSED] - Object: 'Object Repository/Actpol_Scripts/Opsporing/MBES18/4 GEDRAG_MEDISCH/GEDRAG MEDISCH tab' is clicked on&#xD;
&#xD;
2019-09-06 20:39:41 - [TEST_STEP][PASSED] - delay(2): Delayed 2 second(s)&#xD;
&#xD;
2019-09-06 20:39:43 - [MESSAGE][PASSED] - Delayed 2 second(s)&#xD;
&#xD;
2019-09-06 20:39:43 - [TEST_STEP][PASSED] - comment("Checking jaa validation"): Checking jaa validation&#xD;
&#xD;
2019-09-06 20:39:43 - [MESSAGE][INFO] - Checking jaa validation&#xD;
&#xD;
2019-09-06 20:39:43 - [TEST_STEP][PASSED] - for ([i = 1, i &lt;= 21, (i++)]): Object: 'Object Repository/Actpol_Scripts/Opsporing/MBES18/test' is clicked on&#xD;
&#xD;
2019-09-06 20:39:44 - [TEST_STEP][PASSED] - AssistentiedynamicId = i: null&#xD;
&#xD;
2019-09-06 20:39:44 - [TEST_STEP][PASSED] - Assistentiexpath = "//*[@id="MiddelenAUform"]/table/tbody/tr[" + AssistentiedynamicId + "]/td[2]/input[1]": null&#xD;
&#xD;
2019-09-06 20:39:44 - [TEST_STEP][PASSED] - println(Assistentiexpath): null&#xD;
&#xD;
2019-09-06 20:39:44 - [TEST_STEP][PASSED] - to = findTestObject("Actpol_Scripts/Opsporing/MBES18/test"): null&#xD;
&#xD;
2019-09-06 20:39:45 - [TEST_STEP][PASSED] - to.addProperty("xpath", EQUALS, Assistentiexpath): null&#xD;
&#xD;
2019-09-06 20:39:45 - [TEST_STEP][PASSED] - value1 = getAttribute(to, "value"): Attribute 'value' of object 'Object Repository/Actpol_Scripts/Opsporing/MBES18/test' is: 'J'&#xD;
&#xD;
2019-09-06 20:39:45 - [MESSAGE][PASSED] - Attribute 'value' of object 'Object Repository/Actpol_Scripts/Opsporing/MBES18/test' is: 'J'&#xD;
&#xD;
2019-09-06 20:39:45 - [TEST_STEP][PASSED] - println(value1): null&#xD;
&#xD;
2019-09-06 20:39:45 - [TEST_STEP][PASSED] - value2 = "J": null&#xD;
&#xD;
2019-09-06 20:39:45 - [TEST_STEP][PASSED] - if (value1 == value2): Object: 'Object Repository/Actpol_Scripts/Opsporing/MBES18/test' is clicked on&#xD;
&#xD;
2019-09-06 20:39:46 - [TEST_STEP][PASSED] - click(to): Object: 'Object Repository/Actpol_Scripts/Opsporing/MBES18/test' is clicked on&#xD;
&#xD;
2019-09-06 20:39:46 - [MESSAGE][PASSED] - Object: 'Object Repository/Actpol_Scripts/Opsporing/MBES18/test' is clicked on&#xD;
&#xD;
2019-09-06 20:39:46 - [TEST_STEP][PASSED] - AssistentiedynamicId = i: null&#xD;
&#xD;
2019-09-06 20:39:46 - [TEST_STEP][PASSED] - Assistentiexpath = "//*[@id="MiddelenAUform"]/table/tbody/tr[" + AssistentiedynamicId + "]/td[2]/input[1]": null&#xD;
&#xD;
2019-09-06 20:39:46 - [TEST_STEP][PASSED] - println(Assistentiexpath): null&#xD;
&#xD;
2019-09-06 20:39:46 - [TEST_STEP][PASSED] - to = findTestObject("Actpol_Scripts/Opsporing/MBES18/test"): null&#xD;
&#xD;
2019-09-06 20:39:46 - [TEST_STEP][PASSED] - to.addProperty("xpath", EQUALS, Assistentiexpath): null&#xD;
&#xD;
2019-09-06 20:39:46 - [TEST_STEP][PASSED] - value1 = getAttribute(to, "value"): Attribute 'value' of object 'Object Repository/Actpol_Scripts/Opsporing/MBES18/test' is: ''&#xD;
&#xD;
2019-09-06 20:39:47 - [MESSAGE][PASSED] - Attribute 'value' of object 'Object Repository/Actpol_Scripts/Opsporing/MBES18/test' is: ''&#xD;
&#xD;
2019-09-06 20:39:47 - [TEST_STEP][PASSED] - println(value1): null&#xD;
&#xD;
2019-09-06 20:39:47 - [TEST_STEP][PASSED] - value2 = "J": null&#xD;
&#xD;
2019-09-06 20:39:47 - [TEST_STEP][PASSED] - if (value1 == value2): null&#xD;
&#xD;
2019-09-06 20:39:47 - [TEST_STEP][PASSED] - else: Text 'katalon testing' is set on object 'Object Repository/Actpol_Scripts/Opsporing/MBES18/test'&#xD;
&#xD;
2019-09-06 20:39:47 - [TEST_STEP][PASSED] - setText(to, "katalon testing"): Text 'katalon testing' is set on object 'Object Repository/Actpol_Scripts/Opsporing/MBES18/test'&#xD;
&#xD;
2019-09-06 20:39:47 - [MESSAGE][PASSED] - Text 'katalon testing' is set on object 'Object Repository/Actpol_Scripts/Opsporing/MBES18/test'&#xD;
&#xD;
2019-09-06 20:39:47 - [TEST_STEP][PASSED] - AssistentiedynamicId = i: null&#xD;
&#xD;
2019-09-06 20:39:47 - [TEST_STEP][PASSED] - Assistentiexpath = "//*[@id="MiddelenAUform"]/table/tbody/tr[" + AssistentiedynamicId + "]/td[2]/input[1]": null&#xD;
&#xD;
2019-09-06 20:39:48 - [TEST_STEP][PASSED] - println(Assistentiexpath): null&#xD;
&#xD;
2019-09-06 20:39:48 - [TEST_STEP][PASSED] - to = findTestObject("Actpol_Scripts/Opsporing/MBES18/test"): null&#xD;
&#xD;
2019-09-06 20:39:48 - [TEST_STEP][PASSED] - to.addProperty("xpath", EQUALS, Assistentiexpath): null&#xD;
&#xD;
2019-09-06 20:39:48 - [TEST_STEP][PASSED] - value1 = getAttribute(to, "value"): Attribute 'value' of object 'Object Repository/Actpol_Scripts/Opsporing/MBES18/test' is: 'J'&#xD;
&#xD;
2019-09-06 20:39:49 - [MESSAGE][PASSED] - Attribute 'value' of object 'Object Repository/Actpol_Scripts/Opsporing/MBES18/test' is: 'J'&#xD;
&#xD;
2019-09-06 20:39:49 - [TEST_STEP][PASSED] - println(value1): null&#xD;
&#xD;
2019-09-06 20:39:49 - [TEST_STEP][PASSED] - value2 = "J": null&#xD;
&#xD;
2019-09-06 20:39:49 - [TEST_STEP][PASSED] - if (value1 == value2): Object: 'Object Repository/Actpol_Scripts/Opsporing/MBES18/test' is clicked on&#xD;
&#xD;
2019-09-06 20:39:49 - [TEST_STEP][PASSED] - click(to): Object: 'Object Repository/Actpol_Scripts/Opsporing/MBES18/test' is clicked on&#xD;
&#xD;
2019-09-06 20:39:49 - [MESSAGE][PASSED] - Object: 'Object Repository/Actpol_Scripts/Opsporing/MBES18/test' is clicked on&#xD;
&#xD;
2019-09-06 20:39:49 - [TEST_STEP][PASSED] - AssistentiedynamicId = i: null&#xD;
&#xD;
2019-09-06 20:39:49 - [TEST_STEP][PASSED] - Assistentiexpath = "//*[@id="MiddelenAUform"]/table/tbody/tr[" + AssistentiedynamicId + "]/td[2]/input[1]": null&#xD;
&#xD;
2019-09-06 20:39:49 - [TEST_STEP][PASSED] - println(Assistentiexpath): null&#xD;
&#xD;
2019-09-06 20:39:49 - [TEST_STEP][PASSED] - to = findTestObject("Actpol_Scripts/Opsporing/MBES18/test"): null&#xD;
&#xD;
2019-09-06 20:39:50 - [TEST_STEP][PASSED] - to.addProperty("xpath", EQUALS, Assistentiexpath): null&#xD;
&#xD;
2019-09-06 20:39:50 - [TEST_STEP][PASSED] - value1 = getAttribute(to, "value"): Attribute 'value' of object 'Object Repository/Actpol_Scripts/Opsporing/MBES18/test' is: ''&#xD;
&#xD;
2019-09-06 20:39:50 - [MESSAGE][PASSED] - Attribute 'value' of object 'Object Repository/Actpol_Scripts/Opsporing/MBES18/test' is: ''&#xD;
&#xD;
2019-09-06 20:39:50 - [TEST_STEP][PASSED] - println(value1): null&#xD;
&#xD;
2019-09-06 20:39:50 - [TEST_STEP][PASSED] - value2 = "J": null&#xD;
&#xD;
2019-09-06 20:39:50 - [TEST_STEP][PASSED] - if (value1 == value2): null&#xD;
&#xD;
2019-09-06 20:39:50 - [TEST_STEP][PASSED] - else: Text 'katalon testing' is set on object 'Object Repository/Actpol_Scripts/Opsporing/MBES18/test'&#xD;
&#xD;
2019-09-06 20:39:50 - [TEST_STEP][PASSED] - setText(to, "katalon testing"): Text 'katalon testing' is set on object 'Object Repository/Actpol_Scripts/Opsporing/MBES18/test'&#xD;
&#xD;
2019-09-06 20:39:51 - [MESSAGE][PASSED] - Text 'katalon testing' is set on object 'Object Repository/Actpol_Scripts/Opsporing/MBES18/test'&#xD;
&#xD;
2019-09-06 20:39:51 - [TEST_STEP][PASSED] - AssistentiedynamicId = i: null&#xD;
&#xD;
2019-09-06 20:39:51 - [TEST_STEP][PASSED] - Assistentiexpath = "//*[@id="MiddelenAUform"]/table/tbody/tr[" + AssistentiedynamicId + "]/td[2]/input[1]": null&#xD;
&#xD;
2019-09-06 20:39:51 - [TEST_STEP][PASSED] - println(Assistentiexpath): null&#xD;
&#xD;
2019-09-06 20:39:51 - [TEST_STEP][PASSED] - to = findTestObject("Actpol_Scripts/Opsporing/MBES18/test"): null&#xD;
&#xD;
2019-09-06 20:39:52 - [TEST_STEP][PASSED] - to.addProperty("xpath", EQUALS, Assistentiexpath): null&#xD;
&#xD;
2019-09-06 20:39:52 - [TEST_STEP][PASSED] - value1 = getAttribute(to, "value"): Attribute 'value' of object 'Object Repository/Actpol_Scripts/Opsporing/MBES18/test' is: 'J'&#xD;
&#xD;
2019-09-06 20:39:52 - [MESSAGE][PASSED] - Attribute 'value' of object 'Object Repository/Actpol_Scripts/Opsporing/MBES18/test' is: 'J'&#xD;
&#xD;
2019-09-06 20:39:52 - [TEST_STEP][PASSED] - println(value1): null&#xD;
&#xD;
2019-09-06 20:39:52 - [TEST_STEP][PASSED] - value2 = "J": null&#xD;
&#xD;
2019-09-06 20:39:52 - [TEST_STEP][PASSED] - if (value1 == value2): Object: 'Object Repository/Actpol_Scripts/Opsporing/MBES18/test' is clicked on&#xD;
&#xD;
2019-09-06 20:39:52 - [TEST_STEP][PASSED] - click(to): Object: 'Object Repository/Actpol_Scripts/Opsporing/MBES18/test' is clicked on&#xD;
&#xD;
2019-09-06 20:39:52 - [MESSAGE][PASSED] - Object: 'Object Repository/Actpol_Scripts/Opsporing/MBES18/test' is clicked on&#xD;
&#xD;
2019-09-06 20:39:52 - [TEST_STEP][PASSED] - AssistentiedynamicId = i: null&#xD;
&#xD;
2019-09-06 20:39:52 - [TEST_STEP][PASSED] - Assistentiexpath = "//*[@id="MiddelenAUform"]/table/tbody/tr[" + AssistentiedynamicId + "]/td[2]/input[1]": null&#xD;
&#xD;
2019-09-06 20:39:52 - [TEST_STEP][PASSED] - println(Assistentiexpath): null&#xD;
&#xD;
2019-09-06 20:39:52 - [TEST_STEP][PASSED] - to = findTestObject("Actpol_Scripts/Opsporing/MBES18/test"): null&#xD;
&#xD;
2019-09-06 20:39:53 - [TEST_STEP][PASSED] - to.addProperty("xpath", EQUALS, Assistentiexpath): null&#xD;
&#xD;
2019-09-06 20:39:53 - [TEST_STEP][PASSED] - value1 = getAttribute(to, "value"): Attribute 'value' of object 'Object Repository/Actpol_Scripts/Opsporing/MBES18/test' is: 'J'&#xD;
&#xD;
2019-09-06 20:39:53 - [MESSAGE][PASSED] - Attribute 'value' of object 'Object Repository/Actpol_Scripts/Opsporing/MBES18/test' is: 'J'&#xD;
&#xD;
2019-09-06 20:39:53 - [TEST_STEP][PASSED] - println(value1): null&#xD;
&#xD;
2019-09-06 20:39:53 - [TEST_STEP][PASSED] - value2 = "J": null&#xD;
&#xD;
2019-09-06 20:39:53 - [TEST_STEP][PASSED] - if (value1 == value2): Object: 'Object Repository/Actpol_Scripts/Opsporing/MBES18/test' is clicked on&#xD;
&#xD;
2019-09-06 20:39:53 - [TEST_STEP][PASSED] - click(to): Object: 'Object Repository/Actpol_Scripts/Opsporing/MBES18/test' is clicked on&#xD;
&#xD;
2019-09-06 20:39:54 - [MESSAGE][PASSED] - Object: 'Object Repository/Actpol_Scripts/Opsporing/MBES18/test' is clicked on&#xD;
&#xD;
2019-09-06 20:39:54 - [TEST_STEP][PASSED] - AssistentiedynamicId = i: null&#xD;
&#xD;
2019-09-06 20:39:54 - [TEST_STEP][PASSED] - Assistentiexpath = "//*[@id="MiddelenAUform"]/table/tbody/tr[" + AssistentiedynamicId + "]/td[2]/input[1]": null&#xD;
&#xD;
2019-09-06 20:39:54 - [TEST_STEP][PASSED] - println(Assistentiexpath): null&#xD;
&#xD;
2019-09-06 20:39:54 - [TEST_STEP][PASSED] - to = findTestObject("Actpol_Scripts/Opsporing/MBES18/test"): null&#xD;
&#xD;
2019-09-06 20:39:54 - [TEST_STEP][PASSED] - to.addProperty("xpath", EQUALS, Assistentiexpath): null&#xD;
&#xD;
2019-09-06 20:39:54 - [TEST_STEP][PASSED] - value1 = getAttribute(to, "value"): Attribute 'value' of object 'Object Repository/Actpol_Scripts/Opsporing/MBES18/test' is: 'J'&#xD;
&#xD;
2019-09-06 20:39:54 - [MESSAGE][PASSED] - Attribute 'value' of object 'Object Repository/Actpol_Scripts/Opsporing/MBES18/test' is: 'J'&#xD;
&#xD;
2019-09-06 20:39:54 - [TEST_STEP][PASSED] - println(value1): null&#xD;
&#xD;
2019-09-06 20:39:54 - [TEST_STEP][PASSED] - value2 = "J": null&#xD;
&#xD;
2019-09-06 20:39:54 - [TEST_STEP][PASSED] - if (value1 == value2): Object: 'Object Repository/Actpol_Scripts/Opsporing/MBES18/test' is clicked on&#xD;
&#xD;
2019-09-06 20:39:54 - [TEST_STEP][PASSED] - click(to): Object: 'Object Repository/Actpol_Scripts/Opsporing/MBES18/test' is clicked on&#xD;
&#xD;
2019-09-06 20:39:55 - [MESSAGE][PASSED] - Object: 'Object Repository/Actpol_Scripts/Opsporing/MBES18/test' is clicked on&#xD;
&#xD;
2019-09-06 20:39:55 - [TEST_STEP][PASSED] - AssistentiedynamicId = i: null&#xD;
&#xD;
2019-09-06 20:39:55 - [TEST_STEP][PASSED] - Assistentiexpath = "//*[@id="MiddelenAUform"]/table/tbody/tr[" + AssistentiedynamicId + "]/td[2]/input[1]": null&#xD;
&#xD;
2019-09-06 20:39:55 - [TEST_STEP][PASSED] - println(Assistentiexpath): null&#xD;
&#xD;
2019-09-06 20:39:55 - [TEST_STEP][PASSED] - to = findTestObject("Actpol_Scripts/Opsporing/MBES18/test"): null&#xD;
&#xD;
2019-09-06 20:39:55 - [TEST_STEP][PASSED] - to.addProperty("xpath", EQUALS, Assistentiexpath): null&#xD;
&#xD;
2019-09-06 20:39:55 - [TEST_STEP][PASSED] - value1 = getAttribute(to, "value"): Attribute 'value' of object 'Object Repository/Actpol_Scripts/Opsporing/MBES18/test' is: 'J'&#xD;
&#xD;
2019-09-06 20:39:56 - [MESSAGE][PASSED] - Attribute 'value' of object 'Object Repository/Actpol_Scripts/Opsporing/MBES18/test' is: 'J'&#xD;
&#xD;
2019-09-06 20:39:56 - [TEST_STEP][PASSED] - println(value1): null&#xD;
&#xD;
2019-09-06 20:39:56 - [TEST_STEP][PASSED] - value2 = "J": null&#xD;
&#xD;
2019-09-06 20:39:56 - [TEST_STEP][PASSED] - if (value1 == value2): Object: 'Object Repository/Actpol_Scripts/Opsporing/MBES18/test' is clicked on&#xD;
&#xD;
2019-09-06 20:39:56 - [TEST_STEP][PASSED] - click(to): Object: 'Object Repository/Actpol_Scripts/Opsporing/MBES18/test' is clicked on&#xD;
&#xD;
2019-09-06 20:39:57 - [MESSAGE][PASSED] - Object: 'Object Repository/Actpol_Scripts/Opsporing/MBES18/test' is clicked on&#xD;
&#xD;
2019-09-06 20:39:57 - [TEST_STEP][PASSED] - AssistentiedynamicId = i: null&#xD;
&#xD;
2019-09-06 20:39:57 - [TEST_STEP][PASSED] - Assistentiexpath = "//*[@id="MiddelenAUform"]/table/tbody/tr[" + AssistentiedynamicId + "]/td[2]/input[1]": null&#xD;
&#xD;
2019-09-06 20:39:57 - [TEST_STEP][PASSED] - println(Assistentiexpath): null&#xD;
&#xD;
2019-09-06 20:39:57 - [TEST_STEP][PASSED] - to = findTestObject("Actpol_Scripts/Opsporing/MBES18/test"): null&#xD;
&#xD;
2019-09-06 20:39:57 - [TEST_STEP][PASSED] - to.addProperty("xpath", EQUALS, Assistentiexpath): null&#xD;
&#xD;
2019-09-06 20:39:57 - [TEST_STEP][PASSED] - value1 = getAttribute(to, "value"): Attribute 'value' of object 'Object Repository/Actpol_Scripts/Opsporing/MBES18/test' is: 'J'&#xD;
&#xD;
2019-09-06 20:39:57 - [MESSAGE][PASSED] - Attribute 'value' of object 'Object Repository/Actpol_Scripts/Opsporing/MBES18/test' is: 'J'&#xD;
&#xD;
2019-09-06 20:39:57 - [TEST_STEP][PASSED] - println(value1): null&#xD;
&#xD;
2019-09-06 20:39:57 - [TEST_STEP][PASSED] - value2 = "J": null&#xD;
&#xD;
2019-09-06 20:39:57 - [TEST_STEP][PASSED] - if (value1 == value2): Object: 'Object Repository/Actpol_Scripts/Opsporing/MBES18/test' is clicked on&#xD;
&#xD;
2019-09-06 20:39:57 - [TEST_STEP][PASSED] - click(to): Object: 'Object Repository/Actpol_Scripts/Opsporing/MBES18/test' is clicked on&#xD;
&#xD;
2019-09-06 20:39:58 - [MESSAGE][PASSED] - Object: 'Object Repository/Actpol_Scripts/Opsporing/MBES18/test' is clicked on&#xD;
&#xD;
2019-09-06 20:39:58 - [TEST_STEP][PASSED] - AssistentiedynamicId = i: null&#xD;
&#xD;
2019-09-06 20:39:58 - [TEST_STEP][PASSED] - Assistentiexpath = "//*[@id="MiddelenAUform"]/table/tbody/tr[" + AssistentiedynamicId + "]/td[2]/input[1]": null&#xD;
&#xD;
2019-09-06 20:39:58 - [TEST_STEP][PASSED] - println(Assistentiexpath): null&#xD;
&#xD;
2019-09-06 20:39:58 - [TEST_STEP][PASSED] - to = findTestObject("Actpol_Scripts/Opsporing/MBES18/test"): null&#xD;
&#xD;
2019-09-06 20:39:58 - [TEST_STEP][PASSED] - to.addProperty("xpath", EQUALS, Assistentiexpath): null&#xD;
&#xD;
2019-09-06 20:39:58 - [TEST_STEP][PASSED] - value1 = getAttribute(to, "value"): Attribute 'value' of object 'Object Repository/Actpol_Scripts/Opsporing/MBES18/test' is: 'J'&#xD;
&#xD;
2019-09-06 20:39:59 - [MESSAGE][PASSED] - Attribute 'value' of object 'Object Repository/Actpol_Scripts/Opsporing/MBES18/test' is: 'J'&#xD;
&#xD;
2019-09-06 20:39:59 - [TEST_STEP][PASSED] - println(value1): null&#xD;
&#xD;
2019-09-06 20:39:59 - [TEST_STEP][PASSED] - value2 = "J": null&#xD;
&#xD;
2019-09-06 20:39:59 - [TEST_STEP][PASSED] - if (value1 == value2): Object: 'Object Repository/Actpol_Scripts/Opsporing/MBES18/test' is clicked on&#xD;
&#xD;
2019-09-06 20:39:59 - [TEST_STEP][PASSED] - click(to): Object: 'Object Repository/Actpol_Scripts/Opsporing/MBES18/test' is clicked on&#xD;
&#xD;
2019-09-06 20:39:59 - [MESSAGE][PASSED] - Object: 'Object Repository/Actpol_Scripts/Opsporing/MBES18/test' is clicked on&#xD;
&#xD;
2019-09-06 20:39:59 - [TEST_STEP][PASSED] - AssistentiedynamicId = i: null&#xD;
&#xD;
2019-09-06 20:39:59 - [TEST_STEP][PASSED] - Assistentiexpath = "//*[@id="MiddelenAUform"]/table/tbody/tr[" + AssistentiedynamicId + "]/td[2]/input[1]": null&#xD;
&#xD;
2019-09-06 20:39:59 - [TEST_STEP][PASSED] - println(Assistentiexpath): null&#xD;
&#xD;
2019-09-06 20:39:59 - [TEST_STEP][PASSED] - to = findTestObject("Actpol_Scripts/Opsporing/MBES18/test"): null&#xD;
&#xD;
2019-09-06 20:39:59 - [TEST_STEP][PASSED] - to.addProperty("xpath", EQUALS, Assistentiexpath): null&#xD;
&#xD;
2019-09-06 20:39:59 - [TEST_STEP][PASSED] - value1 = getAttribute(to, "value"): Attribute 'value' of object 'Object Repository/Actpol_Scripts/Opsporing/MBES18/test' is: 'J'&#xD;
&#xD;
2019-09-06 20:39:59 - [MESSAGE][PASSED] - Attribute 'value' of object 'Object Repository/Actpol_Scripts/Opsporing/MBES18/test' is: 'J'&#xD;
&#xD;
2019-09-06 20:39:59 - [TEST_STEP][PASSED] - println(value1): null&#xD;
&#xD;
2019-09-06 20:39:59 - [TEST_STEP][PASSED] - value2 = "J": null&#xD;
&#xD;
2019-09-06 20:39:59 - [TEST_STEP][PASSED] - if (value1 == value2): Object: 'Object Repository/Actpol_Scripts/Opsporing/MBES18/test' is clicked on&#xD;
&#xD;
2019-09-06 20:39:59 - [TEST_STEP][PASSED] - click(to): Object: 'Object Repository/Actpol_Scripts/Opsporing/MBES18/test' is clicked on&#xD;
&#xD;
2019-09-06 20:40:00 - [MESSAGE][PASSED] - Object: 'Object Repository/Actpol_Scripts/Opsporing/MBES18/test' is clicked on&#xD;
&#xD;
2019-09-06 20:40:00 - [TEST_STEP][PASSED] - AssistentiedynamicId = i: null&#xD;
&#xD;
2019-09-06 20:40:00 - [TEST_STEP][PASSED] - Assistentiexpath = "//*[@id="MiddelenAUform"]/table/tbody/tr[" + AssistentiedynamicId + "]/td[2]/input[1]": null&#xD;
&#xD;
2019-09-06 20:40:00 - [TEST_STEP][PASSED] - println(Assistentiexpath): null&#xD;
&#xD;
2019-09-06 20:40:00 - [TEST_STEP][PASSED] - to = findTestObject("Actpol_Scripts/Opsporing/MBES18/test"): null&#xD;
&#xD;
2019-09-06 20:40:00 - [TEST_STEP][PASSED] - to.addProperty("xpath", EQUALS, Assistentiexpath): null&#xD;
&#xD;
2019-09-06 20:40:00 - [TEST_STEP][PASSED] - value1 = getAttribute(to, "value"): Attribute 'value' of object 'Object Repository/Actpol_Scripts/Opsporing/MBES18/test' is: 'J'&#xD;
&#xD;
2019-09-06 20:40:00 - [MESSAGE][PASSED] - Attribute 'value' of object 'Object Repository/Actpol_Scripts/Opsporing/MBES18/test' is: 'J'&#xD;
&#xD;
2019-09-06 20:40:00 - [TEST_STEP][PASSED] - println(value1): null&#xD;
&#xD;
2019-09-06 20:40:00 - [TEST_STEP][PASSED] - value2 = "J": null&#xD;
&#xD;
2019-09-06 20:40:00 - [TEST_STEP][PASSED] - if (value1 == value2): Object: 'Object Repository/Actpol_Scripts/Opsporing/MBES18/test' is clicked on&#xD;
&#xD;
2019-09-06 20:40:00 - [TEST_STEP][PASSED] - click(to): Object: 'Object Repository/Actpol_Scripts/Opsporing/MBES18/test' is clicked on&#xD;
&#xD;
2019-09-06 20:40:01 - [MESSAGE][PASSED] - Object: 'Object Repository/Actpol_Scripts/Opsporing/MBES18/test' is clicked on&#xD;
&#xD;
2019-09-06 20:40:01 - [TEST_STEP][PASSED] - AssistentiedynamicId = i: null&#xD;
&#xD;
2019-09-06 20:40:01 - [TEST_STEP][PASSED] - Assistentiexpath = "//*[@id="MiddelenAUform"]/table/tbody/tr[" + AssistentiedynamicId + "]/td[2]/input[1]": null&#xD;
&#xD;
2019-09-06 20:40:01 - [TEST_STEP][PASSED] - println(Assistentiexpath): null&#xD;
&#xD;
2019-09-06 20:40:01 - [TEST_STEP][PASSED] - to = findTestObject("Actpol_Scripts/Opsporing/MBES18/test"): null&#xD;
&#xD;
2019-09-06 20:40:01 - [TEST_STEP][PASSED] - to.addProperty("xpath", EQUALS, Assistentiexpath): null&#xD;
&#xD;
2019-09-06 20:40:01 - [TEST_STEP][PASSED] - value1 = getAttribute(to, "value"): Attribute 'value' of object 'Object Repository/Actpol_Scripts/Opsporing/MBES18/test' is: 'J'&#xD;
&#xD;
2019-09-06 20:40:02 - [MESSAGE][PASSED] - Attribute 'value' of object 'Object Repository/Actpol_Scripts/Opsporing/MBES18/test' is: 'J'&#xD;
&#xD;
2019-09-06 20:40:02 - [TEST_STEP][PASSED] - println(value1): null&#xD;
&#xD;
2019-09-06 20:40:02 - [TEST_STEP][PASSED] - value2 = "J": null&#xD;
&#xD;
2019-09-06 20:40:02 - [TEST_STEP][PASSED] - if (value1 == value2): Object: 'Object Repository/Actpol_Scripts/Opsporing/MBES18/test' is clicked on&#xD;
&#xD;
2019-09-06 20:40:02 - [TEST_STEP][PASSED] - click(to): Object: 'Object Repository/Actpol_Scripts/Opsporing/MBES18/test' is clicked on&#xD;
&#xD;
2019-09-06 20:40:03 - [MESSAGE][PASSED] - Object: 'Object Repository/Actpol_Scripts/Opsporing/MBES18/test' is clicked on&#xD;
&#xD;
2019-09-06 20:40:03 - [TEST_STEP][PASSED] - AssistentiedynamicId = i: null&#xD;
&#xD;
2019-09-06 20:40:03 - [TEST_STEP][PASSED] - Assistentiexpath = "//*[@id="MiddelenAUform"]/table/tbody/tr[" + AssistentiedynamicId + "]/td[2]/input[1]": null&#xD;
&#xD;
2019-09-06 20:40:03 - [TEST_STEP][PASSED] - println(Assistentiexpath): null&#xD;
&#xD;
2019-09-06 20:40:03 - [TEST_STEP][PASSED] - to = findTestObject("Actpol_Scripts/Opsporing/MBES18/test"): null&#xD;
&#xD;
2019-09-06 20:40:03 - [TEST_STEP][PASSED] - to.addProperty("xpath", EQUALS, Assistentiexpath): null&#xD;
&#xD;
2019-09-06 20:40:03 - [TEST_STEP][PASSED] - value1 = getAttribute(to, "value"): Attribute 'value' of object 'Object Repository/Actpol_Scripts/Opsporing/MBES18/test' is: 'J'&#xD;
&#xD;
2019-09-06 20:40:03 - [MESSAGE][PASSED] - Attribute 'value' of object 'Object Repository/Actpol_Scripts/Opsporing/MBES18/test' is: 'J'&#xD;
&#xD;
2019-09-06 20:40:03 - [TEST_STEP][PASSED] - println(value1): null&#xD;
&#xD;
2019-09-06 20:40:03 - [TEST_STEP][PASSED] - value2 = "J": null&#xD;
&#xD;
2019-09-06 20:40:03 - [TEST_STEP][PASSED] - if (value1 == value2): Object: 'Object Repository/Actpol_Scripts/Opsporing/MBES18/test' is clicked on&#xD;
&#xD;
2019-09-06 20:40:03 - [TEST_STEP][PASSED] - click(to): Object: 'Object Repository/Actpol_Scripts/Opsporing/MBES18/test' is clicked on&#xD;
&#xD;
2019-09-06 20:40:04 - [MESSAGE][PASSED] - Object: 'Object Repository/Actpol_Scripts/Opsporing/MBES18/test' is clicked on&#xD;
&#xD;
2019-09-06 20:40:04 - [TEST_STEP][PASSED] - AssistentiedynamicId = i: null&#xD;
&#xD;
2019-09-06 20:40:04 - [TEST_STEP][PASSED] - Assistentiexpath = "//*[@id="MiddelenAUform"]/table/tbody/tr[" + AssistentiedynamicId + "]/td[2]/input[1]": null&#xD;
&#xD;
2019-09-06 20:40:04 - [TEST_STEP][PASSED] - println(Assistentiexpath): null&#xD;
&#xD;
2019-09-06 20:40:04 - [TEST_STEP][PASSED] - to = findTestObject("Actpol_Scripts/Opsporing/MBES18/test"): null&#xD;
&#xD;
2019-09-06 20:40:04 - [TEST_STEP][PASSED] - to.addProperty("xpath", EQUALS, Assistentiexpath): null&#xD;
&#xD;
2019-09-06 20:40:04 - [TEST_STEP][PASSED] - value1 = getAttribute(to, "value"): Attribute 'value' of object 'Object Repository/Actpol_Scripts/Opsporing/MBES18/test' is: 'J'&#xD;
&#xD;
2019-09-06 20:40:04 - [MESSAGE][PASSED] - Attribute 'value' of object 'Object Repository/Actpol_Scripts/Opsporing/MBES18/test' is: 'J'&#xD;
&#xD;
2019-09-06 20:40:04 - [TEST_STEP][PASSED] - println(value1): null&#xD;
&#xD;
2019-09-06 20:40:04 - [TEST_STEP][PASSED] - value2 = "J": null&#xD;
&#xD;
2019-09-06 20:40:04 - [TEST_STEP][PASSED] - if (value1 == value2): Object: 'Object Repository/Actpol_Scripts/Opsporing/MBES18/test' is clicked on&#xD;
&#xD;
2019-09-06 20:40:04 - [TEST_STEP][PASSED] - click(to): Object: 'Object Repository/Actpol_Scripts/Opsporing/MBES18/test' is clicked on&#xD;
&#xD;
2019-09-06 20:40:05 - [MESSAGE][PASSED] - Object: 'Object Repository/Actpol_Scripts/Opsporing/MBES18/test' is clicked on&#xD;
&#xD;
2019-09-06 20:40:05 - [TEST_STEP][PASSED] - AssistentiedynamicId = i: null&#xD;
&#xD;
2019-09-06 20:40:05 - [TEST_STEP][PASSED] - Assistentiexpath = "//*[@id="MiddelenAUform"]/table/tbody/tr[" + AssistentiedynamicId + "]/td[2]/input[1]": null&#xD;
&#xD;
2019-09-06 20:40:05 - [TEST_STEP][PASSED] - println(Assistentiexpath): null&#xD;
&#xD;
2019-09-06 20:40:05 - [TEST_STEP][PASSED] - to = findTestObject("Actpol_Scripts/Opsporing/MBES18/test"): null&#xD;
&#xD;
2019-09-06 20:40:05 - [TEST_STEP][PASSED] - to.addProperty("xpath", EQUALS, Assistentiexpath): null&#xD;
&#xD;
2019-09-06 20:40:05 - [TEST_STEP][PASSED] - value1 = getAttribute(to, "value"): Attribute 'value' of object 'Object Repository/Actpol_Scripts/Opsporing/MBES18/test' is: 'J'&#xD;
&#xD;
2019-09-06 20:40:05 - [MESSAGE][PASSED] - Attribute 'value' of object 'Object Repository/Actpol_Scripts/Opsporing/MBES18/test' is: 'J'&#xD;
&#xD;
2019-09-06 20:40:05 - [TEST_STEP][PASSED] - println(value1): null&#xD;
&#xD;
2019-09-06 20:40:05 - [TEST_STEP][PASSED] - value2 = "J": null&#xD;
&#xD;
2019-09-06 20:40:05 - [TEST_STEP][PASSED] - if (value1 == value2): Object: 'Object Repository/Actpol_Scripts/Opsporing/MBES18/test' is clicked on&#xD;
&#xD;
2019-09-06 20:40:05 - [TEST_STEP][PASSED] - click(to): Object: 'Object Repository/Actpol_Scripts/Opsporing/MBES18/test' is clicked on&#xD;
&#xD;
2019-09-06 20:40:06 - [MESSAGE][PASSED] - Object: 'Object Repository/Actpol_Scripts/Opsporing/MBES18/test' is clicked on&#xD;
&#xD;
2019-09-06 20:40:06 - [TEST_STEP][PASSED] - AssistentiedynamicId = i: null&#xD;
&#xD;
2019-09-06 20:40:06 - [TEST_STEP][PASSED] - Assistentiexpath = "//*[@id="MiddelenAUform"]/table/tbody/tr[" + AssistentiedynamicId + "]/td[2]/input[1]": null&#xD;
&#xD;
2019-09-06 20:40:06 - [TEST_STEP][PASSED] - println(Assistentiexpath): null&#xD;
&#xD;
2019-09-06 20:40:06 - [TEST_STEP][PASSED] - to = findTestObject("Actpol_Scripts/Opsporing/MBES18/test"): null&#xD;
&#xD;
2019-09-06 20:40:06 - [TEST_STEP][PASSED] - to.addProperty("xpath", EQUALS, Assistentiexpath): null&#xD;
&#xD;
2019-09-06 20:40:06 - [TEST_STEP][PASSED] - value1 = getAttribute(to, "value"): Attribute 'value' of object 'Object Repository/Actpol_Scripts/Opsporing/MBES18/test' is: 'J'&#xD;
&#xD;
2019-09-06 20:40:07 - [MESSAGE][PASSED] - Attribute 'value' of object 'Object Repository/Actpol_Scripts/Opsporing/MBES18/test' is: 'J'&#xD;
&#xD;
2019-09-06 20:40:07 - [TEST_STEP][PASSED] - println(value1): null&#xD;
&#xD;
2019-09-06 20:40:07 - [TEST_STEP][PASSED] - value2 = "J": null&#xD;
&#xD;
2019-09-06 20:40:07 - [TEST_STEP][PASSED] - if (value1 == value2): Object: 'Object Repository/Actpol_Scripts/Opsporing/MBES18/test' is clicked on&#xD;
&#xD;
2019-09-06 20:40:07 - [TEST_STEP][PASSED] - click(to): Object: 'Object Repository/Actpol_Scripts/Opsporing/MBES18/test' is clicked on&#xD;
&#xD;
2019-09-06 20:40:07 - [MESSAGE][PASSED] - Object: 'Object Repository/Actpol_Scripts/Opsporing/MBES18/test' is clicked on&#xD;
&#xD;
2019-09-06 20:40:07 - [TEST_STEP][PASSED] - AssistentiedynamicId = i: null&#xD;
&#xD;
2019-09-06 20:40:07 - [TEST_STEP][PASSED] - Assistentiexpath = "//*[@id="MiddelenAUform"]/table/tbody/tr[" + AssistentiedynamicId + "]/td[2]/input[1]": null&#xD;
&#xD;
2019-09-06 20:40:07 - [TEST_STEP][PASSED] - println(Assistentiexpath): null&#xD;
&#xD;
2019-09-06 20:40:07 - [TEST_STEP][PASSED] - to = findTestObject("Actpol_Scripts/Opsporing/MBES18/test"): null&#xD;
&#xD;
2019-09-06 20:40:07 - [TEST_STEP][PASSED] - to.addProperty("xpath", EQUALS, Assistentiexpath): null&#xD;
&#xD;
2019-09-06 20:40:07 - [TEST_STEP][PASSED] - value1 = getAttribute(to, "value"): Attribute 'value' of object 'Object Repository/Actpol_Scripts/Opsporing/MBES18/test' is: 'J'&#xD;
&#xD;
2019-09-06 20:40:08 - [MESSAGE][PASSED] - Attribute 'value' of object 'Object Repository/Actpol_Scripts/Opsporing/MBES18/test' is: 'J'&#xD;
&#xD;
2019-09-06 20:40:08 - [TEST_STEP][PASSED] - println(value1): null&#xD;
&#xD;
2019-09-06 20:40:08 - [TEST_STEP][PASSED] - value2 = "J": null&#xD;
&#xD;
2019-09-06 20:40:08 - [TEST_STEP][PASSED] - if (value1 == value2): Object: 'Object Repository/Actpol_Scripts/Opsporing/MBES18/test' is clicked on&#xD;
&#xD;
2019-09-06 20:40:08 - [TEST_STEP][PASSED] - click(to): Object: 'Object Repository/Actpol_Scripts/Opsporing/MBES18/test' is clicked on&#xD;
&#xD;
2019-09-06 20:40:08 - [MESSAGE][PASSED] - Object: 'Object Repository/Actpol_Scripts/Opsporing/MBES18/test' is clicked on&#xD;
&#xD;
2019-09-06 20:40:08 - [TEST_STEP][PASSED] - AssistentiedynamicId = i: null&#xD;
&#xD;
2019-09-06 20:40:08 - [TEST_STEP][PASSED] - Assistentiexpath = "//*[@id="MiddelenAUform"]/table/tbody/tr[" + AssistentiedynamicId + "]/td[2]/input[1]": null&#xD;
&#xD;
2019-09-06 20:40:08 - [TEST_STEP][PASSED] - println(Assistentiexpath): null&#xD;
&#xD;
2019-09-06 20:40:08 - [TEST_STEP][PASSED] - to = findTestObject("Actpol_Scripts/Opsporing/MBES18/test"): null&#xD;
&#xD;
2019-09-06 20:40:08 - [TEST_STEP][PASSED] - to.addProperty("xpath", EQUALS, Assistentiexpath): null&#xD;
&#xD;
2019-09-06 20:40:08 - [TEST_STEP][PASSED] - value1 = getAttribute(to, "value"): Attribute 'value' of object 'Object Repository/Actpol_Scripts/Opsporing/MBES18/test' is: ''&#xD;
&#xD;
2019-09-06 20:40:09 - [MESSAGE][PASSED] - Attribute 'value' of object 'Object Repository/Actpol_Scripts/Opsporing/MBES18/test' is: ''&#xD;
&#xD;
2019-09-06 20:40:09 - [TEST_STEP][PASSED] - println(value1): null&#xD;
&#xD;
2019-09-06 20:40:09 - [TEST_STEP][PASSED] - value2 = "J": null&#xD;
&#xD;
2019-09-06 20:40:09 - [TEST_STEP][PASSED] - if (value1 == value2): null&#xD;
&#xD;
2019-09-06 20:40:09 - [TEST_STEP][PASSED] - else: Text 'katalon testing' is set on object 'Object Repository/Actpol_Scripts/Opsporing/MBES18/test'&#xD;
&#xD;
2019-09-06 20:40:09 - [TEST_STEP][PASSED] - setText(to, "katalon testing"): Text 'katalon testing' is set on object 'Object Repository/Actpol_Scripts/Opsporing/MBES18/test'&#xD;
&#xD;
2019-09-06 20:40:10 - [MESSAGE][PASSED] - Text 'katalon testing' is set on object 'Object Repository/Actpol_Scripts/Opsporing/MBES18/test'&#xD;
&#xD;
2019-09-06 20:40:10 - [TEST_STEP][PASSED] - AssistentiedynamicId = i: null&#xD;
&#xD;
2019-09-06 20:40:10 - [TEST_STEP][PASSED] - Assistentiexpath = "//*[@id="MiddelenAUform"]/table/tbody/tr[" + AssistentiedynamicId + "]/td[2]/input[1]": null&#xD;
&#xD;
2019-09-06 20:40:10 - [TEST_STEP][PASSED] - println(Assistentiexpath): null&#xD;
&#xD;
2019-09-06 20:40:10 - [TEST_STEP][PASSED] - to = findTestObject("Actpol_Scripts/Opsporing/MBES18/test"): null&#xD;
&#xD;
2019-09-06 20:40:10 - [TEST_STEP][PASSED] - to.addProperty("xpath", EQUALS, Assistentiexpath): null&#xD;
&#xD;
2019-09-06 20:40:10 - [TEST_STEP][PASSED] - value1 = getAttribute(to, "value"): Attribute 'value' of object 'Object Repository/Actpol_Scripts/Opsporing/MBES18/test' is: 'J'&#xD;
&#xD;
2019-09-06 20:40:10 - [MESSAGE][PASSED] - Attribute 'value' of object 'Object Repository/Actpol_Scripts/Opsporing/MBES18/test' is: 'J'&#xD;
&#xD;
2019-09-06 20:40:10 - [TEST_STEP][PASSED] - println(value1): null&#xD;
&#xD;
2019-09-06 20:40:10 - [TEST_STEP][PASSED] - value2 = "J": null&#xD;
&#xD;
2019-09-06 20:40:10 - [TEST_STEP][PASSED] - if (value1 == value2): Object: 'Object Repository/Actpol_Scripts/Opsporing/MBES18/test' is clicked on&#xD;
&#xD;
2019-09-06 20:40:10 - [TEST_STEP][PASSED] - click(to): Object: 'Object Repository/Actpol_Scripts/Opsporing/MBES18/test' is clicked on&#xD;
&#xD;
2019-09-06 20:40:11 - [MESSAGE][PASSED] - Object: 'Object Repository/Actpol_Scripts/Opsporing/MBES18/test' is clicked on&#xD;
&#xD;
2019-09-06 20:40:11 - [TEST_STEP][PASSED] - AssistentiedynamicId = i: null&#xD;
&#xD;
2019-09-06 20:40:11 - [TEST_STEP][PASSED] - Assistentiexpath = "//*[@id="MiddelenAUform"]/table/tbody/tr[" + AssistentiedynamicId + "]/td[2]/input[1]": null&#xD;
&#xD;
2019-09-06 20:40:11 - [TEST_STEP][PASSED] - println(Assistentiexpath): null&#xD;
&#xD;
2019-09-06 20:40:11 - [TEST_STEP][PASSED] - to = findTestObject("Actpol_Scripts/Opsporing/MBES18/test"): null&#xD;
&#xD;
2019-09-06 20:40:11 - [TEST_STEP][PASSED] - to.addProperty("xpath", EQUALS, Assistentiexpath): null&#xD;
&#xD;
2019-09-06 20:40:11 - [TEST_STEP][PASSED] - value1 = getAttribute(to, "value"): Attribute 'value' of object 'Object Repository/Actpol_Scripts/Opsporing/MBES18/test' is: 'J'&#xD;
&#xD;
2019-09-06 20:40:11 - [MESSAGE][PASSED] - Attribute 'value' of object 'Object Repository/Actpol_Scripts/Opsporing/MBES18/test' is: 'J'&#xD;
&#xD;
2019-09-06 20:40:11 - [TEST_STEP][PASSED] - println(value1): null&#xD;
&#xD;
2019-09-06 20:40:11 - [TEST_STEP][PASSED] - value2 = "J": null&#xD;
&#xD;
2019-09-06 20:40:11 - [TEST_STEP][PASSED] - if (value1 == value2): Object: 'Object Repository/Actpol_Scripts/Opsporing/MBES18/test' is clicked on&#xD;
&#xD;
2019-09-06 20:40:11 - [TEST_STEP][PASSED] - click(to): Object: 'Object Repository/Actpol_Scripts/Opsporing/MBES18/test' is clicked on&#xD;
&#xD;
2019-09-06 20:40:11 - [MESSAGE][PASSED] - Object: 'Object Repository/Actpol_Scripts/Opsporing/MBES18/test' is clicked on&#xD;
&#xD;
2019-09-06 20:40:12 - [TEST_STEP][PASSED] - click(findTestObject("Actpol_Scripts/Opsporing/MBES18/MBSC SAVE"), OPTIONAL): Object: 'Object Repository/Actpol_Scripts/Opsporing/MBES18/MBSC SAVE' is clicked on&#xD;
&#xD;
2019-09-06 20:40:13 - [MESSAGE][PASSED] - Object: 'Object Repository/Actpol_Scripts/Opsporing/MBES18/MBSC SAVE' is clicked on&#xD;
&#xD;
2019-09-06 20:40:13 - [TEST_STEP][PASSED] - delay(1): Delayed 1 second(s)&#xD;
&#xD;
2019-09-06 20:40:14 - [MESSAGE][PASSED] - Delayed 1 second(s)&#xD;
&#xD;
2019-09-06 20:40:14 - [TEST_STEP][PASSED] - scrollToPosition(10, 7): Browser is scrolled to position x = 10, y = 7&#xD;
&#xD;
2019-09-06 20:40:14 - [MESSAGE][PASSED] - Browser is scrolled to position x = 10, y = 7&#xD;
&#xD;
2019-09-06 20:40:14 - [TEST_STEP][PASSED] - delay(1): Delayed 1 second(s)&#xD;
&#xD;
2019-09-06 20:40:15 - [MESSAGE][PASSED] - Delayed 1 second(s)&#xD;
&#xD;
2019-09-06 20:40:15 - [TEST_STEP][PASSED] - click(findTestObject("Actpol_Scripts/Opsporing/MBES18/4 GEDRAG_MEDISCH/GEDRAG MEDISCH tab")): Object: 'Object Repository/Actpol_Scripts/Opsporing/MBES18/4 GEDRAG_MEDISCH/GEDRAG MEDISCH tab' is clicked on&#xD;
&#xD;
2019-09-06 20:40:16 - [MESSAGE][PASSED] - Object: 'Object Repository/Actpol_Scripts/Opsporing/MBES18/4 GEDRAG_MEDISCH/GEDRAG MEDISCH tab' is clicked on&#xD;
&#xD;
2019-09-06 20:40:16 - [TEST_STEP][PASSED] - delay(1): Delayed 1 second(s)&#xD;
&#xD;
2019-09-06 20:40:17 - [MESSAGE][PASSED] - Delayed 1 second(s)&#xD;
&#xD;
2019-09-06 20:40:17 - [TEST_STEP][PASSED] - click(findTestObject("Actpol_Scripts/Opsporing/MBES18/5 INCIDENTEN/INCIDENTEN tab")): Object: 'Object Repository/Actpol_Scripts/Opsporing/MBES18/5 INCIDENTEN/INCIDENTEN tab' is clicked on&#xD;
&#xD;
2019-09-06 20:40:18 - [MESSAGE][PASSED] - Object: 'Object Repository/Actpol_Scripts/Opsporing/MBES18/5 INCIDENTEN/INCIDENTEN tab' is clicked on&#xD;
&#xD;
2019-09-06 20:40:18 - [TEST_STEP][PASSED] - delay(2): Delayed 2 second(s)&#xD;
&#xD;
2019-09-06 20:40:20 - [MESSAGE][PASSED] - Delayed 2 second(s)&#xD;
&#xD;
2019-09-06 20:40:20 - [TEST_STEP][PASSED] - click(findTestObject("Actpol_Scripts/Opsporing/MBES18/5 INCIDENTEN/INCIDENTEN new")): Object: 'Object Repository/Actpol_Scripts/Opsporing/MBES18/5 INCIDENTEN/INCIDENTEN new' is clicked on&#xD;
&#xD;
2019-09-06 20:40:21 - [MESSAGE][PASSED] - Object: 'Object Repository/Actpol_Scripts/Opsporing/MBES18/5 INCIDENTEN/INCIDENTEN new' is clicked on&#xD;
&#xD;
2019-09-06 20:40:21 - [TEST_STEP][PASSED] - delay(1): Delayed 1 second(s)&#xD;
&#xD;
2019-09-06 20:40:22 - [MESSAGE][PASSED] - Delayed 1 second(s)&#xD;
&#xD;
2019-09-06 20:40:22 - [TEST_STEP][PASSED] - selectOptionByLabel(findTestObject("Actpol_Scripts/Opsporing/MBES18/5 INCIDENTEN/Organisatie"), "SKS", false): All options with label 'SKS' are selected in object 'Object Repository/Actpol_Scripts/Opsporing/MBES18/5 INCIDENTEN/Organisatie' &#xD;
&#xD;
2019-09-06 20:40:22 - [MESSAGE][PASSED] - All options with label 'SKS' are selected in object 'Object Repository/Actpol_Scripts/Opsporing/MBES18/5 INCIDENTEN/Organisatie' &#xD;
&#xD;
2019-09-06 20:40:22 - [TEST_STEP][PASSED] - delay(1): Delayed 1 second(s)&#xD;
&#xD;
2019-09-06 20:40:23 - [MESSAGE][PASSED] - Delayed 1 second(s)&#xD;
&#xD;
2019-09-06 20:40:23 - [TEST_STEP][PASSED] - setText(findTestObject("Actpol_Scripts/Opsporing/MBES18/5 INCIDENTEN/Datum Incident"), "29/09/2019"): Text '29/09/2019' is set on object 'Object Repository/Actpol_Scripts/Opsporing/MBES18/5 INCIDENTEN/Datum Incident'&#xD;
&#xD;
2019-09-06 20:40:24 - [MESSAGE][PASSED] - Text '29/09/2019' is set on object 'Object Repository/Actpol_Scripts/Opsporing/MBES18/5 INCIDENTEN/Datum Incident'&#xD;
&#xD;
2019-09-06 20:40:24 - [TEST_STEP][PASSED] - delay(1): Delayed 1 second(s)&#xD;
&#xD;
2019-09-06 20:40:26 - [MESSAGE][PASSED] - Delayed 1 second(s)&#xD;
&#xD;
2019-09-06 20:40:26 - [TEST_STEP][PASSED] - setText(findTestObject("Actpol_Scripts/Opsporing/MBES18/5 INCIDENTEN/Bejzonderheden"), "testing : Bejzonderheden"): Text 'testing : Bejzonderheden' is set on object 'Object Repository/Actpol_Scripts/Opsporing/MBES18/5 INCIDENTEN/Bejzonderheden'&#xD;
&#xD;
2019-09-06 20:40:28 - [MESSAGE][PASSED] - Text 'testing : Bejzonderheden' is set on object 'Object Repository/Actpol_Scripts/Opsporing/MBES18/5 INCIDENTEN/Bejzonderheden'&#xD;
&#xD;
2019-09-06 20:40:28 - [TEST_STEP][PASSED] - delay(1): Delayed 1 second(s)&#xD;
&#xD;
2019-09-06 20:40:29 - [MESSAGE][PASSED] - Delayed 1 second(s)&#xD;
&#xD;
2019-09-06 20:40:29 - [TEST_STEP][PASSED] - setText(findTestObject("Actpol_Scripts/Opsporing/MBES18/5 INCIDENTEN/Contactperson"), "testing : Contactperson"): Text 'testing : Contactperson' is set on object 'Object Repository/Actpol_Scripts/Opsporing/MBES18/5 INCIDENTEN/Contactperson'&#xD;
&#xD;
2019-09-06 20:40:31 - [MESSAGE][PASSED] - Text 'testing : Contactperson' is set on object 'Object Repository/Actpol_Scripts/Opsporing/MBES18/5 INCIDENTEN/Contactperson'&#xD;
&#xD;
2019-09-06 20:40:31 - [TEST_STEP][PASSED] - delay(1): Delayed 1 second(s)&#xD;
&#xD;
2019-09-06 20:40:32 - [MESSAGE][PASSED] - Delayed 1 second(s)&#xD;
&#xD;
2019-09-06 20:40:32 - [TEST_STEP][PASSED] - setText(findTestObject("Actpol_Scripts/Opsporing/MBES18/5 INCIDENTEN/Telefoonnummer"), "987512364"): Text '987512364' is set on object 'Object Repository/Actpol_Scripts/Opsporing/MBES18/5 INCIDENTEN/Telefoonnummer'&#xD;
&#xD;
2019-09-06 20:40:43 - [MESSAGE][PASSED] - Text '987512364' is set on object 'Object Repository/Actpol_Scripts/Opsporing/MBES18/5 INCIDENTEN/Telefoonnummer'&#xD;
&#xD;
2019-09-06 20:40:43 - [TEST_STEP][PASSED] - delay(1): Delayed 1 second(s)&#xD;
&#xD;
2019-09-06 20:40:44 - [MESSAGE][PASSED] - Delayed 1 second(s)&#xD;
&#xD;
2019-09-06 20:40:44 - [TEST_STEP][PASSED] - click(findTestObject("Actpol_Scripts/Opsporing/MBES18/5 INCIDENTEN/INCIDENTEN save")): Object: 'Object Repository/Actpol_Scripts/Opsporing/MBES18/5 INCIDENTEN/INCIDENTEN save' is clicked on&#xD;
&#xD;
2019-09-06 20:40:44 - [MESSAGE][PASSED] - Object: 'Object Repository/Actpol_Scripts/Opsporing/MBES18/5 INCIDENTEN/INCIDENTEN save' is clicked on&#xD;
&#xD;
2019-09-06 20:40:44 - [TEST_STEP][PASSED] - delay(1): Delayed 1 second(s)&#xD;
&#xD;
2019-09-06 20:40:45 - [MESSAGE][PASSED] - Delayed 1 second(s)&#xD;
&#xD;
2019-09-06 20:40:45 - [TEST_STEP][PASSED] - takeScreenshot(): Taking screenshot successfully&#xD;
&#xD;
2019-09-06 20:40:56 - [MESSAGE][PASSED] - Taking screenshot successfully&#xD;
[[ATTACHMENT|C:\\Users\\user4\\git\\ACTPOL\\Reports\\20190906_203608\\Release 6.6\\ACTPOL-564 and ACTPOL-565\\20190906_203638\\1567782646389.png]]&#xD;
&#xD;
2019-09-06 20:40:56 - [TEST_STEP][PASSED] - log.logInfo("successfully saved data"): successfully saved data&#xD;
&#xD;
2019-09-06 20:40:56 - [MESSAGE][INFO] - successfully saved data&#xD;
&#xD;
2019-09-06 20:40:56 - [TEST_STEP][PASSED] - delay(1): Delayed 1 second(s)&#xD;
&#xD;
2019-09-06 20:40:57 - [MESSAGE][PASSED] - Delayed 1 second(s)&#xD;
&#xD;
2019-09-06 20:40:57 - [TEST_STEP][PASSED] - click(findTestObject("Actpol_Scripts/Opsporing/MBES18/5 INCIDENTEN/INCIDENTEN tab")): Object: 'Object Repository/Actpol_Scripts/Opsporing/MBES18/5 INCIDENTEN/INCIDENTEN tab' is clicked on&#xD;
&#xD;
2019-09-06 20:40:57 - [MESSAGE][PASSED] - Object: 'Object Repository/Actpol_Scripts/Opsporing/MBES18/5 INCIDENTEN/INCIDENTEN tab' is clicked on&#xD;
&#xD;
2019-09-06 20:40:57 - [TEST_STEP][PASSED] - delay(2): Delayed 2 second(s)&#xD;
&#xD;
2019-09-06 20:40:59 - [MESSAGE][PASSED] - Delayed 2 second(s)&#xD;
&#xD;
2019-09-06 20:40:59 - [TEST_STEP][PASSED] - click(findTestObject("Actpol_Scripts/Opsporing/MBES18/6 Overige gegevens/OVERIGE GEGEVENS tab"), OPTIONAL): Object: 'Object Repository/Actpol_Scripts/Opsporing/MBES18/6 Overige gegevens/OVERIGE GEGEVENS tab' is clicked on&#xD;
&#xD;
2019-09-06 20:41:01 - [MESSAGE][PASSED] - Object: 'Object Repository/Actpol_Scripts/Opsporing/MBES18/6 Overige gegevens/OVERIGE GEGEVENS tab' is clicked on&#xD;
&#xD;
2019-09-06 20:41:01 - [TEST_STEP][PASSED] - delay(2): Delayed 2 second(s)&#xD;
&#xD;
2019-09-06 20:41:03 - [MESSAGE][PASSED] - Delayed 2 second(s)&#xD;
&#xD;
2019-09-06 20:41:03 - [TEST_STEP][PASSED] - selectOptionByLabel(findTestObject("Actpol_Scripts/Opsporing/MBES18/6 Overige gegevens/Uitzetting"), "OPENBARE MINISTERIE", false): All options with label 'OPENBARE MINISTERIE' are selected in object 'Object Repository/Actpol_Scripts/Opsporing/MBES18/6 Overige gegevens/Uitzetting' &#xD;
&#xD;
2019-09-06 20:41:04 - [MESSAGE][PASSED] - All options with label 'OPENBARE MINISTERIE' are selected in object 'Object Repository/Actpol_Scripts/Opsporing/MBES18/6 Overige gegevens/Uitzetting' &#xD;
&#xD;
2019-09-06 20:41:04 - [TEST_STEP][PASSED] - delay(1): Delayed 1 second(s)&#xD;
&#xD;
2019-09-06 20:41:05 - [MESSAGE][PASSED] - Delayed 1 second(s)&#xD;
&#xD;
2019-09-06 20:41:05 - [TEST_STEP][PASSED] - setText(findTestObject("Actpol_Scripts/Opsporing/MBES18/6 Overige gegevens/Datum vlucht"), "21/09/2019"): Text '21/09/2019' is set on object 'Object Repository/Actpol_Scripts/Opsporing/MBES18/6 Overige gegevens/Datum vlucht'&#xD;
&#xD;
2019-09-06 20:41:06 - [MESSAGE][PASSED] - Text '21/09/2019' is set on object 'Object Repository/Actpol_Scripts/Opsporing/MBES18/6 Overige gegevens/Datum vlucht'&#xD;
&#xD;
2019-09-06 20:41:06 - [TEST_STEP][PASSED] - delay(1): Delayed 1 second(s)&#xD;
&#xD;
2019-09-06 20:41:07 - [MESSAGE][PASSED] - Delayed 1 second(s)&#xD;
&#xD;
2019-09-06 20:41:07 - [TEST_STEP][PASSED] - setText(findTestObject("Actpol_Scripts/Opsporing/MBES18/6 Overige gegevens/Tijdstip vlucht"), "010101"): Text '010101' is set on object 'Object Repository/Actpol_Scripts/Opsporing/MBES18/6 Overige gegevens/Tijdstip vlucht'&#xD;
&#xD;
2019-09-06 20:41:08 - [MESSAGE][PASSED] - Text '010101' is set on object 'Object Repository/Actpol_Scripts/Opsporing/MBES18/6 Overige gegevens/Tijdstip vlucht'&#xD;
&#xD;
2019-09-06 20:41:08 - [TEST_STEP][PASSED] - delay(1): Delayed 1 second(s)&#xD;
&#xD;
2019-09-06 20:41:09 - [MESSAGE][PASSED] - Delayed 1 second(s)&#xD;
&#xD;
2019-09-06 20:41:09 - [TEST_STEP][PASSED] - selectOptionByLabel(findTestObject("Actpol_Scripts/Opsporing/MBES18/6 Overige gegevens/Arrival location"), "Haven", false): All options with label 'Haven' are selected in object 'Object Repository/Actpol_Scripts/Opsporing/MBES18/6 Overige gegevens/Arrival location' &#xD;
&#xD;
2019-09-06 20:41:12 - [MESSAGE][PASSED] - All options with label 'Haven' are selected in object 'Object Repository/Actpol_Scripts/Opsporing/MBES18/6 Overige gegevens/Arrival location' &#xD;
&#xD;
2019-09-06 20:41:12 - [TEST_STEP][PASSED] - delay(1): Delayed 1 second(s)&#xD;
&#xD;
2019-09-06 20:41:13 - [MESSAGE][PASSED] - Delayed 1 second(s)&#xD;
&#xD;
2019-09-06 20:41:13 - [TEST_STEP][PASSED] - setText(findTestObject("Actpol_Scripts/Opsporing/MBES18/6 Overige gegevens/Datum"), "21/09/2019"): Text '21/09/2019' is set on object 'Object Repository/Actpol_Scripts/Opsporing/MBES18/6 Overige gegevens/Datum'&#xD;
&#xD;
2019-09-06 20:41:14 - [MESSAGE][PASSED] - Text '21/09/2019' is set on object 'Object Repository/Actpol_Scripts/Opsporing/MBES18/6 Overige gegevens/Datum'&#xD;
&#xD;
2019-09-06 20:41:14 - [TEST_STEP][PASSED] - delay(1): Delayed 1 second(s)&#xD;
&#xD;
2019-09-06 20:41:15 - [MESSAGE][PASSED] - Delayed 1 second(s)&#xD;
&#xD;
2019-09-06 20:41:15 - [TEST_STEP][PASSED] - click(findTestObject("Actpol_Scripts/Opsporing/MBES18/6 Overige gegevens/Claim vervoerder ja")): Object: 'Object Repository/Actpol_Scripts/Opsporing/MBES18/6 Overige gegevens/Claim vervoerder ja' is clicked on&#xD;
&#xD;
2019-09-06 20:41:17 - [MESSAGE][PASSED] - Object: 'Object Repository/Actpol_Scripts/Opsporing/MBES18/6 Overige gegevens/Claim vervoerder ja' is clicked on&#xD;
&#xD;
2019-09-06 20:41:17 - [TEST_STEP][PASSED] - delay(2): Delayed 2 second(s)&#xD;
&#xD;
2019-09-06 20:41:19 - [MESSAGE][PASSED] - Delayed 2 second(s)&#xD;
&#xD;
2019-09-06 20:41:19 - [TEST_STEP][PASSED] - click(findTestObject("Actpol_Scripts/Opsporing/MBES18/6 Overige gegevens/Claim vervoerder ja")): Object: 'Object Repository/Actpol_Scripts/Opsporing/MBES18/6 Overige gegevens/Claim vervoerder ja' is clicked on&#xD;
&#xD;
2019-09-06 20:41:20 - [MESSAGE][PASSED] - Object: 'Object Repository/Actpol_Scripts/Opsporing/MBES18/6 Overige gegevens/Claim vervoerder ja' is clicked on&#xD;
&#xD;
2019-09-06 20:41:20 - [TEST_STEP][PASSED] - delay(1): Delayed 1 second(s)&#xD;
&#xD;
2019-09-06 20:41:21 - [MESSAGE][PASSED] - Delayed 1 second(s)&#xD;
&#xD;
2019-09-06 20:41:21 - [TEST_STEP][PASSED] - click(findTestObject("Actpol_Scripts/Opsporing/MBES18/6 Overige gegevens/Removal orde ja")): Object: 'Object Repository/Actpol_Scripts/Opsporing/MBES18/6 Overige gegevens/Removal orde ja' is clicked on&#xD;
&#xD;
2019-09-06 20:41:21 - [MESSAGE][PASSED] - Object: 'Object Repository/Actpol_Scripts/Opsporing/MBES18/6 Overige gegevens/Removal orde ja' is clicked on&#xD;
&#xD;
2019-09-06 20:41:22 - [TEST_STEP][PASSED] - delay(1): Delayed 1 second(s)&#xD;
&#xD;
2019-09-06 20:41:23 - [MESSAGE][PASSED] - Delayed 1 second(s)&#xD;
&#xD;
2019-09-06 20:41:23 - [TEST_STEP][PASSED] - setText(findTestObject("Actpol_Scripts/Opsporing/MBES18/6 Overige gegevens/Contact diplomatieke"), "testing :: Contact diplomatieke vertegenwooediging ter verkrijging van een vervangend reisdocument"): Text 'testing :: Contact diplomatieke vertegenwooediging ter verkrijging van een vervangend reisdocument' is set on object 'Object Repository/Actpol_Scripts/Opsporing/MBES18/6 Overige gegevens/Contact diplomatieke'&#xD;
&#xD;
2019-09-06 20:41:28 - [MESSAGE][PASSED] - Text 'testing :: Contact diplomatieke vertegenwooediging ter verkrijging van een vervangend reisdocument' is set on object 'Object Repository/Actpol_Scripts/Opsporing/MBES18/6 Overige gegevens/Contact diplomatieke'&#xD;
&#xD;
2019-09-06 20:41:28 - [TEST_STEP][PASSED] - delay(1): Delayed 1 second(s)&#xD;
&#xD;
2019-09-06 20:41:29 - [MESSAGE][PASSED] - Delayed 1 second(s)&#xD;
&#xD;
2019-09-06 20:41:29 - [TEST_STEP][PASSED] - setText(findTestObject("Actpol_Scripts/Opsporing/MBES18/6 Overige gegevens/Wanner"), "21/09/2019"): Text '21/09/2019' is set on object 'Object Repository/Actpol_Scripts/Opsporing/MBES18/6 Overige gegevens/Wanner'&#xD;
&#xD;
2019-09-06 20:41:30 - [MESSAGE][PASSED] - Text '21/09/2019' is set on object 'Object Repository/Actpol_Scripts/Opsporing/MBES18/6 Overige gegevens/Wanner'&#xD;
&#xD;
2019-09-06 20:41:30 - [TEST_STEP][PASSED] - delay(1): Delayed 1 second(s)&#xD;
&#xD;
2019-09-06 20:41:31 - [MESSAGE][PASSED] - Delayed 1 second(s)&#xD;
&#xD;
2019-09-06 20:41:31 - [TEST_STEP][PASSED] - setText(findTestObject("Actpol_Scripts/Opsporing/MBES18/6 Overige gegevens/Welke diplomatieke"), "testing :: Welke diplomatieke vertegenwooedliging"): Text 'testing :: Welke diplomatieke vertegenwooedliging' is set on object 'Object Repository/Actpol_Scripts/Opsporing/MBES18/6 Overige gegevens/Welke diplomatieke'&#xD;
&#xD;
2019-09-06 20:41:34 - [MESSAGE][PASSED] - Text 'testing :: Welke diplomatieke vertegenwooedliging' is set on object 'Object Repository/Actpol_Scripts/Opsporing/MBES18/6 Overige gegevens/Welke diplomatieke'&#xD;
&#xD;
2019-09-06 20:41:34 - [TEST_STEP][PASSED] - delay(1): Delayed 1 second(s)&#xD;
&#xD;
2019-09-06 20:41:35 - [MESSAGE][PASSED] - Delayed 1 second(s)&#xD;
&#xD;
[...]
&#xD;
2019-09-06 20:47:33 - [TEST_STEP][PASSED] - delay(1): Delayed 1 second(s)&#xD;
&#xD;
2019-09-06 20:47:34 - [MESSAGE][PASSED] - Delayed 1 second(s)&#xD;
&#xD;
2019-09-06 20:47:34 - [TEST_STEP][PASSED] - setText(findTestObject("Actpol_Scripts/Opsporing/MBES18/6 Overige gegevens/Wanner"), "21/09/2019"): Text '21/09/2019' is set on object 'Object Repository/Actpol_Scripts/Opsporing/MBES18/6 Overige gegevens/Wanner'&#xD;
&#xD;
2019-09-06 20:47:35 - [MESSAGE][PASSED] - Text '21/09/2019' is set on object 'Object Repository/Actpol_Scripts/Opsporing/MBES18/6 Overige gegevens/Wanner'&#xD;
&#xD;
2019-09-06 20:47:35 - [TEST_STEP][PASSED] - delay(1): Delayed 1 second(s)&#xD;
&#xD;
2019-09-06 20:47:36 - [MESSAGE][PASSED] - Delayed 1 second(s)&#xD;
&#xD;
2019-09-06 20:47:36 - [TEST_STEP][PASSED] - setText(findTestObject("Actpol_Scripts/Opsporing/MBES18/6 Overige gegevens/Welke diplomatieke"), "testing :: Welke diplomatieke vertegenwooedliging"): Text 'testing :: Welke diplomatieke vertegenwooedliging' is set on object 'Object Repository/Actpol_Scripts/Opsporing/MBES18/6 Overige gegevens/Welke diplomatieke'&#xD;
&#xD;
2019-09-06 20:47:40 - [MESSAGE][PASSED] - Text 'testing :: Welke diplomatieke vertegenwooedliging' is set on object 'Object Repository/Actpol_Scripts/Opsporing/MBES18/6 Overige gegevens/Welke diplomatieke'&#xD;
&#xD;
2019-09-06 20:47:40 - [TEST_STEP][PASSED] - delay(1): Delayed 1 second(s)&#xD;
&#xD;
2019-09-06 20:47:41 - [MESSAGE][PASSED] - Delayed 1 second(s)&#xD;
&#xD;
2019-09-06 20:47:41 - [TEST_STEP][PASSED] - click(findTestObject("Actpol_Scripts/Opsporing/MBES18/6 Overige gegevens/Reisdocument ja")): Object: 'Object Repository/Actpol_Scripts/Opsporing/MBES18/6 Overige gegevens/Reisdocument ja' is clicked on&#xD;
&#xD;
2019-09-06 20:47:42 - [MESSAGE][PASSED] - Object: 'Object Repository/Actpol_Scripts/Opsporing/MBES18/6 Overige gegevens/Reisdocument ja' is clicked on&#xD;
&#xD;
2019-09-06 20:47:42 - [TEST_STEP][PASSED] - delay(1): Delayed 1 second(s)&#xD;
&#xD;
2019-09-06 20:47:43 - [MESSAGE][PASSED] - Delayed 1 second(s)&#xD;
&#xD;
2019-09-06 20:47:43 - [TEST_STEP][PASSED] - selectOptionByLabel(findTestObject("Actpol_Scripts/Opsporing/MBES18/6 Overige gegevens/Soort"), "REISDOCUMENT", false): All options with label 'REISDOCUMENT' are selected in object 'Object Repository/Actpol_Scripts/Opsporing/MBES18/6 Overige gegevens/Soort' &#xD;
&#xD;
2019-09-06 20:47:44 - [MESSAGE][PASSED] - All options with label 'REISDOCUMENT' are selected in object 'Object Repository/Actpol_Scripts/Opsporing/MBES18/6 Overige gegevens/Soort' &#xD;
&#xD;
2019-09-06 20:47:44 - [TEST_STEP][PASSED] - delay(1): Delayed 1 second(s)&#xD;
&#xD;
2019-09-06 20:47:45 - [MESSAGE][PASSED] - Delayed 1 second(s)&#xD;
&#xD;
2019-09-06 20:47:45 - [TEST_STEP][PASSED] - setText(findTestObject("Actpol_Scripts/Opsporing/MBES18/6 Overige gegevens/Nummer"), "testing :: Contact diplomatieke vertegenwooediging ter verkrijging van een vervangend reisdocument"): Text 'testing :: Contact diplomatieke vertegenwooediging ter verkrijging van een vervangend reisdocument' is set on object 'Object Repository/Actpol_Scripts/Opsporing/MBES18/6 Overige gegevens/Nummer'&#xD;
&#xD;
2019-09-06 20:47:50 - [MESSAGE][PASSED] - Text 'testing :: Contact diplomatieke vertegenwooediging ter verkrijging van een vervangend reisdocument' is set on object 'Object Repository/Actpol_Scripts/Opsporing/MBES18/6 Overige gegevens/Nummer'&#xD;
&#xD;
2019-09-06 20:47:50 - [TEST_STEP][PASSED] - delay(1): Delayed 1 second(s)&#xD;
&#xD;
2019-09-06 20:47:51 - [MESSAGE][PASSED] - Delayed 1 second(s)&#xD;
&#xD;
2019-09-06 20:47:51 - [TEST_STEP][PASSED] - setText(findTestObject("Actpol_Scripts/Opsporing/MBES18/6 Overige gegevens/Geldig tot"), "21/09/2019"): Text '21/09/2019' is set on object 'Object Repository/Actpol_Scripts/Opsporing/MBES18/6 Overige gegevens/Geldig tot'&#xD;
&#xD;
2019-09-06 20:47:52 - [MESSAGE][PASSED] - Text '21/09/2019' is set on object 'Object Repository/Actpol_Scripts/Opsporing/MBES18/6 Overige gegevens/Geldig tot'&#xD;
&#xD;
2019-09-06 20:47:52 - [TEST_STEP][PASSED] - delay(1): Delayed 1 second(s)&#xD;
&#xD;
2019-09-06 20:47:53 - [MESSAGE][PASSED] - Delayed 1 second(s)&#xD;
&#xD;
2019-09-06 20:47:53 - [TEST_STEP][PASSED] - setText(findTestObject("Actpol_Scripts/Opsporing/MBES18/6 Overige gegevens/Aanvullende identiteitsdocumenten"), "testing :: Welke diplomatieke vertegenwooedliging"): Text 'testing :: Welke diplomatieke vertegenwooedliging' is set on object 'Object Repository/Actpol_Scripts/Opsporing/MBES18/6 Overige gegevens/Aanvullende identiteitsdocumenten'&#xD;
&#xD;
2019-09-06 20:47:57 - [MESSAGE][PASSED] - Text 'testing :: Welke diplomatieke vertegenwooedliging' is set on object 'Object Repository/Actpol_Scripts/Opsporing/MBES18/6 Overige gegevens/Aanvullende identiteitsdocumenten'&#xD;
&#xD;
2019-09-06 20:47:57 - [TEST_STEP][PASSED] - delay(1): Delayed 1 second(s)&#xD;
&#xD;
2019-09-06 20:47:58 - [MESSAGE][PASSED] - Delayed 1 second(s)&#xD;
&#xD;
2019-09-06 20:47:58 - [TEST_STEP][PASSED] - delay(1): Delayed 1 second(s)&#xD;
&#xD;
2019-09-06 20:47:59 - [MESSAGE][PASSED] - Delayed 1 second(s)&#xD;
&#xD;
2019-09-06 20:47:59 - [TEST_STEP][PASSED] - scrollToPosition(10, 7): Browser is scrolled to position x = 10, y = 7&#xD;
&#xD;
2019-09-06 20:47:59 - [MESSAGE][PASSED] - Browser is scrolled to position x = 10, y = 7&#xD;
&#xD;
2019-09-06 20:47:59 - [TEST_STEP][PASSED] - delay(1): Delayed 1 second(s)&#xD;
&#xD;
2019-09-06 20:48:00 - [MESSAGE][PASSED] - Delayed 1 second(s)&#xD;
&#xD;
2019-09-06 20:48:00 - [TEST_STEP][PASSED] - click(findTestObject("Actpol_Scripts/Opsporing/MBES18/6 Overige gegevens/OVERIGE GEGEVENS tab")): Object: 'Object Repository/Actpol_Scripts/Opsporing/MBES18/6 Overige gegevens/OVERIGE GEGEVENS tab' is clicked on&#xD;
&#xD;
2019-09-06 20:48:01 - [MESSAGE][PASSED] - Object: 'Object Repository/Actpol_Scripts/Opsporing/MBES18/6 Overige gegevens/OVERIGE GEGEVENS tab' is clicked on&#xD;
&#xD;
2019-09-06 20:48:01 - [TEST_STEP][PASSED] - delay(1): Delayed 1 second(s)&#xD;
&#xD;
2019-09-06 20:48:02 - [MESSAGE][PASSED] - Delayed 1 second(s)&#xD;
&#xD;
2019-09-06 20:48:02 - [TEST_STEP][PASSED] - click(findTestObject("Actpol_Scripts/Opsporing/MBES18/7 BEZITTINGEN_BAGAGE/BEZITTINGEN_BAGAGE tab")): Object: 'Object Repository/Actpol_Scripts/Opsporing/MBES18/7 BEZITTINGEN_BAGAGE/BEZITTINGEN_BAGAGE tab' is clicked on&#xD;
&#xD;
2019-09-06 20:48:03 - [MESSAGE][PASSED] - Object: 'Object Repository/Actpol_Scripts/Opsporing/MBES18/7 BEZITTINGEN_BAGAGE/BEZITTINGEN_BAGAGE tab' is clicked on&#xD;
&#xD;
2019-09-06 20:48:03 - [TEST_STEP][PASSED] - delay(1): Delayed 1 second(s)&#xD;
&#xD;
2019-09-06 20:48:04 - [MESSAGE][PASSED] - Delayed 1 second(s)&#xD;
&#xD;
2019-09-06 20:48:04 - [TEST_STEP][PASSED] - click(findTestObject("Actpol_Scripts/Opsporing/MBES18/7 BEZITTINGEN_BAGAGE/Geld ja")): Object: 'Object Repository/Actpol_Scripts/Opsporing/MBES18/7 BEZITTINGEN_BAGAGE/Geld ja' is clicked on&#xD;
&#xD;
2019-09-06 20:48:05 - [MESSAGE][PASSED] - Object: 'Object Repository/Actpol_Scripts/Opsporing/MBES18/7 BEZITTINGEN_BAGAGE/Geld ja' is clicked on&#xD;
&#xD;
2019-09-06 20:48:05 - [TEST_STEP][PASSED] - delay(1): Delayed 1 second(s)&#xD;
&#xD;
2019-09-06 20:48:06 - [MESSAGE][PASSED] - Delayed 1 second(s)&#xD;
&#xD;
2019-09-06 20:48:06 - [TEST_STEP][PASSED] - setText(findTestObject("Actpol_Scripts/Opsporing/MBES18/7 BEZITTINGEN_BAGAGE/Bedrag en valuta text box"), "Testing : Bedrag en valuta"): Text 'Testing : Bedrag en valuta' is set on object 'Object Repository/Actpol_Scripts/Opsporing/MBES18/7 BEZITTINGEN_BAGAGE/Bedrag en valuta text box'&#xD;
&#xD;
2019-09-06 20:48:08 - [MESSAGE][PASSED] - Text 'Testing : Bedrag en valuta' is set on object 'Object Repository/Actpol_Scripts/Opsporing/MBES18/7 BEZITTINGEN_BAGAGE/Bedrag en valuta text box'&#xD;
&#xD;
2019-09-06 20:48:08 - [TEST_STEP][PASSED] - delay(1): Delayed 1 second(s)&#xD;
&#xD;
2019-09-06 20:48:09 - [MESSAGE][PASSED] - Delayed 1 second(s)&#xD;
&#xD;
2019-09-06 20:48:09 - [TEST_STEP][PASSED] - setText(findTestObject("Actpol_Scripts/Opsporing/MBES18/7 BEZITTINGEN_BAGAGE/Bedrag en valuta auto text box"), "a"): Text 'a' is set on object 'Object Repository/Actpol_Scripts/Opsporing/MBES18/7 BEZITTINGEN_BAGAGE/Bedrag en valuta auto text box'&#xD;
&#xD;
2019-09-06 20:48:12 - [MESSAGE][PASSED] - Text 'a' is set on object 'Object Repository/Actpol_Scripts/Opsporing/MBES18/7 BEZITTINGEN_BAGAGE/Bedrag en valuta auto text box'&#xD;
&#xD;
2019-09-06 20:48:12 - [TEST_STEP][PASSED] - delay(2): Delayed 2 second(s)&#xD;
&#xD;
2019-09-06 20:48:14 - [MESSAGE][PASSED] - Delayed 2 second(s)&#xD;
&#xD;
2019-09-06 20:48:14 - [TEST_STEP][PASSED] - click(findTestObject("Actpol_Scripts/Opsporing/MBES18/7 BEZITTINGEN_BAGAGE/Bedrag en valuta lb")): Object: 'Object Repository/Actpol_Scripts/Opsporing/MBES18/7 BEZITTINGEN_BAGAGE/Bedrag en valuta lb' is clicked on&#xD;
&#xD;
2019-09-06 20:48:15 - [MESSAGE][PASSED] - Object: 'Object Repository/Actpol_Scripts/Opsporing/MBES18/7 BEZITTINGEN_BAGAGE/Bedrag en valuta lb' is clicked on&#xD;
&#xD;
2019-09-06 20:48:15 - [TEST_STEP][PASSED] - delay(4): Delayed 4 second(s)&#xD;
&#xD;
2019-09-06 20:48:19 - [MESSAGE][PASSED] - Delayed 4 second(s)&#xD;
&#xD;
2019-09-06 20:48:19 - [TEST_STEP][PASSED] - click(findTestObject("Actpol_Scripts/Opsporing/MBES18/7 BEZITTINGEN_BAGAGE/Pinpas_credict card ja")): Object: 'Object Repository/Actpol_Scripts/Opsporing/MBES18/7 BEZITTINGEN_BAGAGE/Pinpas_credict card ja' is clicked on&#xD;
&#xD;
2019-09-06 20:48:21 - [MESSAGE][PASSED] - Object: 'Object Repository/Actpol_Scripts/Opsporing/MBES18/7 BEZITTINGEN_BAGAGE/Pinpas_credict card ja' is clicked on&#xD;
&#xD;
2019-09-06 20:48:21 - [TEST_STEP][PASSED] - delay(1): Delayed 1 second(s)&#xD;
&#xD;
2019-09-06 20:48:22 - [MESSAGE][PASSED] - Delayed 1 second(s)&#xD;
&#xD;
2019-09-06 20:48:22 - [TEST_STEP][PASSED] - setText(findTestObject("Actpol_Scripts/Opsporing/MBES18/7 BEZITTINGEN_BAGAGE/Bedrag maximale opname"), "Testing : Bedrag en valuta"): Text 'Testing : Bedrag en valuta' is set on object 'Object Repository/Actpol_Scripts/Opsporing/MBES18/7 BEZITTINGEN_BAGAGE/Bedrag maximale opname'&#xD;
&#xD;
2019-09-06 20:48:24 - [MESSAGE][PASSED] - Text 'Testing : Bedrag en valuta' is set on object 'Object Repository/Actpol_Scripts/Opsporing/MBES18/7 BEZITTINGEN_BAGAGE/Bedrag maximale opname'&#xD;
&#xD;
2019-09-06 20:48:24 - [TEST_STEP][PASSED] - delay(1): Delayed 1 second(s)&#xD;
&#xD;
2019-09-06 20:48:25 - [MESSAGE][PASSED] - Delayed 1 second(s)&#xD;
&#xD;
2019-09-06 20:48:25 - [TEST_STEP][PASSED] - selectOptionByLabel(findTestObject("Actpol_Scripts/Opsporing/MBES18/7 BEZITTINGEN_BAGAGE/Arrival location"), "Luchthaven", false): All options with label 'Luchthaven' are selected in object 'Object Repository/Actpol_Scripts/Opsporing/MBES18/7 BEZITTINGEN_BAGAGE/Arrival location' &#xD;
&#xD;
2019-09-06 20:48:26 - [MESSAGE][PASSED] - All options with label 'Luchthaven' are selected in object 'Object Repository/Actpol_Scripts/Opsporing/MBES18/7 BEZITTINGEN_BAGAGE/Arrival location' &#xD;
&#xD;
2019-09-06 20:48:26 - [TEST_STEP][PASSED] - delay(1): Delayed 1 second(s)&#xD;
&#xD;
2019-09-06 20:48:27 - [MESSAGE][PASSED] - Delayed 1 second(s)&#xD;
&#xD;
2019-09-06 20:48:27 - [TEST_STEP][NOT_RUN] - setText(findTestObject("Actpol_Scripts/Opsporing/MBES18/7 BEZITTINGEN_BAGAGE/Datum"), "04/02/2019"): NOT_RUN: setText(findTestObject("Actpol_Scripts/Opsporing/MBES18/7 BEZITTINGEN_BAGAGE/Datum"), "04/02/2019")&#xD;
&#xD;
2019-09-06 20:48:27 - [MESSAGE][NOT_RUN] - NOT_RUN: setText(findTestObject("Actpol_Scripts/Opsporing/MBES18/7 BEZITTINGEN_BAGAGE/Datum"), "04/02/2019")&#xD;
&#xD;
2019-09-06 20:48:27 - [TEST_STEP][PASSED] - click(findTestObject("Actpol_Scripts/Opsporing/MBES18/7 BEZITTINGEN_BAGAGE/Datum img icon")): Object: 'Object Repository/Actpol_Scripts/Opsporing/MBES18/7 BEZITTINGEN_BAGAGE/Datum img icon' is clicked on&#xD;
&#xD;
2019-09-06 20:48:28 - [MESSAGE][PASSED] - Object: 'Object Repository/Actpol_Scripts/Opsporing/MBES18/7 BEZITTINGEN_BAGAGE/Datum img icon' is clicked on&#xD;
&#xD;
2019-09-06 20:48:28 - [TEST_STEP][PASSED] - delay(1): Delayed 1 second(s)&#xD;
&#xD;
2019-09-06 20:48:29 - [MESSAGE][PASSED] - Delayed 1 second(s)&#xD;
&#xD;
2019-09-06 20:48:29 - [TEST_STEP][PASSED] - selectOptionByLabel(findTestObject("Actpol_Scripts/Monthyear/Rightmonth"), "feb", false): All options with label 'feb' are selected in object 'Object Repository/Actpol_Scripts/Monthyear/Rightmonth' &#xD;
&#xD;
2019-09-06 20:48:30 - [MESSAGE][PASSED] - All options with label 'feb' are selected in object 'Object Repository/Actpol_Scripts/Monthyear/Rightmonth' &#xD;
&#xD;
2019-09-06 20:48:30 - [TEST_STEP][PASSED] - delay(1): Delayed 1 second(s)&#xD;
&#xD;
2019-09-06 20:48:31 - [MESSAGE][PASSED] - Delayed 1 second(s)&#xD;
&#xD;
2019-09-06 20:48:31 - [TEST_STEP][PASSED] - selectOptionByLabel(findTestObject("Actpol_Scripts/Monthyear/Rightyear"), "2019", false): All options with label '2019' are selected in object 'Object Repository/Actpol_Scripts/Monthyear/Rightyear' &#xD;
&#xD;
2019-09-06 20:48:32 - [MESSAGE][PASSED] - All options with label '2019' are selected in object 'Object Repository/Actpol_Scripts/Monthyear/Rightyear' &#xD;
&#xD;
2019-09-06 20:48:32 - [TEST_STEP][PASSED] - delay(1): Delayed 1 second(s)&#xD;
&#xD;
2019-09-06 20:48:33 - [MESSAGE][PASSED] - Delayed 1 second(s)&#xD;
&#xD;
2019-09-06 20:48:33 - [TEST_STEP][PASSED] - click(findTestObject("Actpol_Scripts/Date/Right side/4th")): Object: 'Object Repository/Actpol_Scripts/Date/Right side/4th' is clicked on&#xD;
&#xD;
2019-09-06 20:48:35 - [MESSAGE][PASSED] - Object: 'Object Repository/Actpol_Scripts/Date/Right side/4th' is clicked on&#xD;
&#xD;
2019-09-06 20:48:35 - [TEST_STEP][PASSED] - delay(3): Delayed 3 second(s)&#xD;
&#xD;
2019-09-06 20:48:38 - [MESSAGE][PASSED] - Delayed 3 second(s)&#xD;
&#xD;
2019-09-06 20:48:38 - [TEST_STEP][PASSED] - selectOptionByLabel(findTestObject("Actpol_Scripts/Opsporing/MBES18/7 BEZITTINGEN_BAGAGE/Vlucht"), "AA905-MIAMI, FLORIDA", false): All options with label 'AA905-MIAMI, FLORIDA' are selected in object 'Object Repository/Actpol_Scripts/Opsporing/MBES18/7 BEZITTINGEN_BAGAGE/Vlucht' &#xD;
&#xD;
2019-09-06 20:48:39 - [MESSAGE][PASSED] - All options with label 'AA905-MIAMI, FLORIDA' are selected in object 'Object Repository/Actpol_Scripts/Opsporing/MBES18/7 BEZITTINGEN_BAGAGE/Vlucht' &#xD;
&#xD;
2019-09-06 20:48:39 - [TEST_STEP][PASSED] - delay(1): Delayed 1 second(s)&#xD;
&#xD;
2019-09-06 20:48:40 - [MESSAGE][PASSED] - Delayed 1 second(s)&#xD;
&#xD;
2019-09-06 20:48:40 - [TEST_STEP][PASSED] - setText(findTestObject("Actpol_Scripts/Opsporing/MBES18/7 BEZITTINGEN_BAGAGE/Bestemming"), "a"): Text 'a' is set on object 'Object Repository/Actpol_Scripts/Opsporing/MBES18/7 BEZITTINGEN_BAGAGE/Bestemming'&#xD;
&#xD;
2019-09-06 20:48:41 - [MESSAGE][PASSED] - Text 'a' is set on object 'Object Repository/Actpol_Scripts/Opsporing/MBES18/7 BEZITTINGEN_BAGAGE/Bestemming'&#xD;
&#xD;
2019-09-06 20:48:41 - [TEST_STEP][PASSED] - delay(2): Delayed 2 second(s)&#xD;
&#xD;
2019-09-06 20:48:43 - [MESSAGE][PASSED] - Delayed 2 second(s)&#xD;
&#xD;
2019-09-06 20:48:43 - [TEST_STEP][PASSED] - click(findTestObject("Actpol_Scripts/Opsporing/MBES18/7 BEZITTINGEN_BAGAGE/Bestemming lb")): Object: 'Object Repository/Actpol_Scripts/Opsporing/MBES18/7 BEZITTINGEN_BAGAGE/Bestemming lb' is clicked on&#xD;
&#xD;
2019-09-06 20:48:44 - [MESSAGE][PASSED] - Object: 'Object Repository/Actpol_Scripts/Opsporing/MBES18/7 BEZITTINGEN_BAGAGE/Bestemming lb' is clicked on&#xD;
&#xD;
2019-09-06 20:48:44 - [TEST_STEP][PASSED] - delay(4): Delayed 4 second(s)&#xD;
&#xD;
2019-09-06 20:48:48 - [MESSAGE][PASSED] - Delayed 4 second(s)&#xD;
&#xD;
2019-09-06 20:48:48 - [TEST_STEP][PASSED] - click(findTestObject("Actpol_Scripts/Opsporing/MBES18/7 BEZITTINGEN_BAGAGE/Ingenomen n goederen ja")): Object: 'Object Repository/Actpol_Scripts/Opsporing/MBES18/7 BEZITTINGEN_BAGAGE/Ingenomen n goederen ja' is clicked on&#xD;
&#xD;
2019-09-06 20:48:50 - [MESSAGE][PASSED] - Object: 'Object Repository/Actpol_Scripts/Opsporing/MBES18/7 BEZITTINGEN_BAGAGE/Ingenomen n goederen ja' is clicked on&#xD;
&#xD;
2019-09-06 20:48:50 - [TEST_STEP][PASSED] - delay(1): Delayed 1 second(s)&#xD;
&#xD;
2019-09-06 20:48:51 - [MESSAGE][PASSED] - Delayed 1 second(s)&#xD;
&#xD;
2019-09-06 20:48:51 - [TEST_STEP][PASSED] - setText(findTestObject("Actpol_Scripts/Opsporing/MBES18/7 BEZITTINGEN_BAGAGE/Toelichting(preciosa)"), "Testing : Bedrag en valuta"): Text 'Testing : Bedrag en valuta' is set on object 'Object Repository/Actpol_Scripts/Opsporing/MBES18/7 BEZITTINGEN_BAGAGE/Toelichting(preciosa)'&#xD;
&#xD;
2019-09-06 20:48:52 - [MESSAGE][PASSED] - Text 'Testing : Bedrag en valuta' is set on object 'Object Repository/Actpol_Scripts/Opsporing/MBES18/7 BEZITTINGEN_BAGAGE/Toelichting(preciosa)'&#xD;
&#xD;
2019-09-06 20:48:52 - [TEST_STEP][PASSED] - delay(1): Delayed 1 second(s)&#xD;
&#xD;
2019-09-06 20:48:53 - [MESSAGE][PASSED] - Delayed 1 second(s)&#xD;
&#xD;
2019-09-06 20:48:53 - [TEST_STEP][PASSED] - click(findTestObject("Actpol_Scripts/Opsporing/MBES18/7 BEZITTINGEN_BAGAGE/Koffers ja")): Object: 'Object Repository/Actpol_Scripts/Opsporing/MBES18/7 BEZITTINGEN_BAGAGE/Koffers ja' is clicked on&#xD;
&#xD;
2019-09-06 20:48:54 - [MESSAGE][PASSED] - Object: 'Object Repository/Actpol_Scripts/Opsporing/MBES18/7 BEZITTINGEN_BAGAGE/Koffers ja' is clicked on&#xD;
&#xD;
2019-09-06 20:48:54 - [TEST_STEP][PASSED] - delay(1): Delayed 1 second(s)&#xD;
&#xD;
2019-09-06 20:48:55 - [MESSAGE][PASSED] - Delayed 1 second(s)&#xD;
&#xD;
2019-09-06 20:48:55 - [TEST_STEP][PASSED] - click(findTestObject("Actpol_Scripts/Opsporing/MBES18/7 BEZITTINGEN_BAGAGE/Tasen ja")): Object: 'Object Repository/Actpol_Scripts/Opsporing/MBES18/7 BEZITTINGEN_BAGAGE/Tasen ja' is clicked on&#xD;
&#xD;
2019-09-06 20:48:56 - [MESSAGE][PASSED] - Object: 'Object Repository/Actpol_Scripts/Opsporing/MBES18/7 BEZITTINGEN_BAGAGE/Tasen ja' is clicked on&#xD;
&#xD;
2019-09-06 20:48:56 - [TEST_STEP][PASSED] - delay(1): Delayed 1 second(s)&#xD;
&#xD;
2019-09-06 20:48:57 - [MESSAGE][PASSED] - Delayed 1 second(s)&#xD;
&#xD;
2019-09-06 20:48:57 - [TEST_STEP][PASSED] - click(findTestObject("Actpol_Scripts/Opsporing/MBES18/7 BEZITTINGEN_BAGAGE/Dozen")): Object: 'Object Repository/Actpol_Scripts/Opsporing/MBES18/7 BEZITTINGEN_BAGAGE/Dozen' is clicked on&#xD;
&#xD;
2019-09-06 20:48:58 - [MESSAGE][PASSED] - Object: 'Object Repository/Actpol_Scripts/Opsporing/MBES18/7 BEZITTINGEN_BAGAGE/Dozen' is clicked on&#xD;
&#xD;
2019-09-06 20:48:58 - [TEST_STEP][PASSED] - delay(1): Delayed 1 second(s)&#xD;
&#xD;
2019-09-06 20:48:59 - [MESSAGE][PASSED] - Delayed 1 second(s)&#xD;
&#xD;
2019-09-06 20:48:59 - [TEST_STEP][PASSED] - click(findTestObject("Actpol_Scripts/Opsporing/MBES18/7 BEZITTINGEN_BAGAGE/Reis ja")): Object: 'Object Repository/Actpol_Scripts/Opsporing/MBES18/7 BEZITTINGEN_BAGAGE/Reis ja' is clicked on&#xD;
&#xD;
2019-09-06 20:49:00 - [MESSAGE][PASSED] - Object: 'Object Repository/Actpol_Scripts/Opsporing/MBES18/7 BEZITTINGEN_BAGAGE/Reis ja' is clicked on&#xD;
&#xD;
2019-09-06 20:49:00 - [TEST_STEP][PASSED] - delay(1): Delayed 1 second(s)&#xD;
&#xD;
2019-09-06 20:49:01 - [MESSAGE][PASSED] - Delayed 1 second(s)&#xD;
&#xD;
2019-09-06 20:49:01 - [TEST_STEP][PASSED] - click(findTestObject("Actpol_Scripts/Opsporing/MBES18/MBSC SAVE")): Object: 'Object Repository/Actpol_Scripts/Opsporing/MBES18/MBSC SAVE' is clicked on&#xD;
&#xD;
2019-09-06 20:49:02 - [MESSAGE][PASSED] - Object: 'Object Repository/Actpol_Scripts/Opsporing/MBES18/MBSC SAVE' is clicked on</system-out>
            <system-err></system-err>
        </testcase>
        <system-out>2019-09-06 20:36:57 - [TEST_SUITE][INCOMPLETE] - ACTPOL-564 and ACTPOL-565: null</system-out>
        <system-err>2019-09-06 20:36:57 - [TEST_SUITE][INCOMPLETE] - ACTPOL-564 and ACTPOL-565: null</system-err>
    </testsuite>
</testsuites>
